{"time": "2025-06-15 08:04:34,041", "level": "ERROR", "msg": "Position fetch failed: phemex GET https://testnet-api.phemex.com/g-accounts/accountPositions?currency=USDT", "epoch": null, "sharpe": null, "max_dd": null, "attn_entropy": null, "lr": null, "profit_factor": null}
{"time": "2025-06-15 19:56:00,340", "level": "WARNING", "msg": "CPU thread update failed: Error: cannot set number of interop threads after parallel work has started or set_num_interop_threads called", "epoch": null, "sharpe": null, "max_dd": null, "attn_entropy": null, "lr": null, "profit_factor": null}
{"time": "2025-06-15 19:56:59,583", "level": "WARNING", "msg": "CPU thread update failed: Error: cannot set number of interop threads after parallel work has started or set_num_interop_threads called", "epoch": null, "sharpe": null, "max_dd": null, "attn_entropy": null, "lr": null, "profit_factor": null}
{"time": "2025-06-15 20:29:16,179", "level": "WARNING", "msg": "CPU thread update failed: Error: cannot set number of interop threads after parallel work has started or set_num_interop_threads called", "epoch": null, "sharpe": null, "max_dd": null, "attn_entropy": null, "lr": null, "profit_factor": null}
{"time": "2025-06-15 20:31:17,038", "level": "WARNING", "msg": "CPU thread update failed: Error: cannot set number of interop threads after parallel work has started or set_num_interop_threads called", "epoch": null, "sharpe": null, "max_dd": null, "attn_entropy": null, "lr": null, "profit_factor": null}
{"time": "2025-06-15 20:32:46,624", "level": "WARNING", "msg": "CPU thread update failed: Error: cannot set number of interop threads after parallel work has started or set_num_interop_threads called", "epoch": null, "sharpe": null, "max_dd": null, "attn_entropy": null, "lr": null, "profit_factor": null}
{"time": "2025-06-16 20:25:13,502", "level": "WARNING", "msg": "CPU thread update failed: Error: cannot set number of interop threads after parallel work has started or set_num_interop_threads called", "epoch": null, "sharpe": null, "max_dd": null, "attn_entropy": null, "lr": null, "profit_factor": null}
{"time": "2025-06-16 20:27:47,947", "level": "WARNING", "msg": "Phemex fetch failed: phemex does not have market symbol BTC/USD", "epoch": null, "sharpe": null, "max_dd": null, "attn_entropy": null, "lr": null, "profit_factor": null}
{"time": "2025-06-16 20:27:47,948", "level": "WARNING", "msg": "Phemex fetch failed: phemex does not have market symbol BTC/USD", "epoch": null, "sharpe": null, "max_dd": null, "attn_entropy": null, "lr": null, "profit_factor": null}
{"time": "2025-06-16 20:27:47,949", "level": "WARNING", "msg": "Phemex fetch failed: phemex does not have market symbol BTC/USD", "epoch": null, "sharpe": null, "max_dd": null, "attn_entropy": null, "lr": null, "profit_factor": null}
{"time": "2025-06-16 20:27:47,949", "level": "WARNING", "msg": "Phemex fetch failed: phemex does not have market symbol BTC/USD", "epoch": null, "sharpe": null, "max_dd": null, "attn_entropy": null, "lr": null, "profit_factor": null}
{"time": "2025-06-16 20:28:37,394", "level": "WARNING", "msg": "CPU thread update failed: Error: cannot set number of interop threads after parallel work has started or set_num_interop_threads called", "epoch": null, "sharpe": null, "max_dd": null, "attn_entropy": null, "lr": null, "profit_factor": null}
{"time": "2025-06-16 20:31:46,812", "level": "WARNING", "msg": "GDELT DOC fetch failed: HTTPSConnectionPool(host='api.gdeltproject.org', port=443): Max retries exceeded with url: /api/v2/doc/docsearch?query=bitcoin&maxrecords=250&format=json&page=1 (Caused by ConnectTimeoutError(<urllib3.connection.HTTPSConnection object at 0x000001EE12901160>, 'Connection to api.gdeltproject.org timed out. (connect timeout=8)'))", "epoch": null, "sharpe": null, "max_dd": null, "attn_entropy": null, "lr": null, "profit_factor": null}
{"time": "2025-06-16 20:46:44,250", "level": "WARNING", "msg": "GDELT DOC fetch failed: HTTPSConnectionPool(host='api.gdeltproject.org', port=443): Max retries exceeded with url: /api/v2/doc/docsearch?query=bitcoin+OR+crypto&maxrecords=250&format=json&page=1 (Caused by ConnectTimeoutError(<urllib3.connection.HTTPSConnection object at 0x000001EE033EC1A0>, 'Connection to api.gdeltproject.org timed out. (connect timeout=8)'))", "epoch": null, "sharpe": null, "max_dd": null, "attn_entropy": null, "lr": null, "profit_factor": null}
{"time": "2025-06-23 14:20:17,727", "level": "INFO", "msg": "Trading mode: SANDBOX", "epoch": null, "sharpe": null, "max_dd": null, "attn_entropy": null, "lr": null, "profit_factor": null, "loss": null, "val": null}
{"time": "2025-06-23 14:20:20,601", "level": "INFO", "msg": "ACCOUNT_BALANCE {\"total\": {\"USDT\": 56779.97134232}}", "epoch": null, "sharpe": null, "max_dd": null, "attn_entropy": null, "lr": null, "profit_factor": null, "loss": null, "val": null}
{"time": "2025-06-23 14:22:12,357", "level": "INFO", "msg": "Adjusting model dim from 17 to 24 for 8 heads", "epoch": null, "sharpe": null, "max_dd": null, "attn_entropy": null, "lr": null, "profit_factor": null, "loss": null, "val": null}
{"time": "2025-06-23 14:22:12,380", "level": "INFO", "msg": "Adjusting model dim from 17 to 24 for 8 heads", "epoch": null, "sharpe": null, "max_dd": null, "attn_entropy": null, "lr": null, "profit_factor": null, "loss": null, "val": null}
{"time": "2025-06-23 14:24:05,856", "level": "INFO", "msg": "VALIDATION_START", "epoch": null, "sharpe": null, "max_dd": null, "attn_entropy": null, "lr": null, "profit_factor": null, "loss": null, "val": null}
{"time": "2025-06-23 14:24:05,878", "level": "INFO", "msg": "feature-ingest thread started", "epoch": null, "sharpe": null, "max_dd": null, "attn_entropy": null, "lr": null, "profit_factor": null, "loss": null, "val": null}
{"time": "2025-06-23 14:24:07,352", "level": "INFO", "msg": "Tkinter dashboard starting on main thread\u2026", "epoch": null, "sharpe": null, "max_dd": null, "attn_entropy": null, "lr": null, "profit_factor": null, "loss": null, "val": null}
{"time": "2025-06-23 14:30:13,349", "level": "INFO", "msg": "Adjusting model dim from 17 to 24 for 8 heads", "epoch": null, "sharpe": null, "max_dd": null, "attn_entropy": null, "lr": null, "profit_factor": null, "loss": null, "val": null}
{"time": "2025-06-23 14:30:13,413", "level": "INFO", "msg": "Skipping torch.compile on Python 3.12+", "epoch": null, "sharpe": null, "max_dd": null, "attn_entropy": null, "lr": null, "profit_factor": null, "loss": null, "val": null}
{"time": "2025-06-23 14:30:49,950", "level": "INFO", "msg": "DATALOADER", "epoch": null, "sharpe": null, "max_dd": null, "attn_entropy": null, "lr": null, "profit_factor": null, "loss": null, "val": null}
{"time": "2025-06-23 14:30:49,951", "level": "INFO", "msg": "START_EPOCH", "epoch": 1, "sharpe": null, "max_dd": null, "attn_entropy": null, "lr": null, "profit_factor": null, "loss": null, "val": null}
{"time": "2025-06-23 14:30:49,960", "level": "INFO", "msg": "Adjusting model dim from 13 to 16 for 8 heads", "epoch": null, "sharpe": null, "max_dd": null, "attn_entropy": null, "lr": null, "profit_factor": null, "loss": null, "val": null}
{"time": "2025-06-23 14:30:49,972", "level": "WARNING", "msg": "Input features 13 < expected 16, padding", "epoch": null, "sharpe": null, "max_dd": null, "attn_entropy": null, "lr": null, "profit_factor": null, "loss": null, "val": null}
{"time": "2025-06-23 14:32:07,560", "level": "INFO", "msg": "NEW_BEST", "epoch": 1, "sharpe": 0.0, "max_dd": 0.0, "attn_entropy": 3.1760336341595257, "lr": 1e-06, "profit_factor": null, "loss": null, "val": null}
{"time": "2025-06-23 14:32:07,563", "level": "INFO", "msg": "{'event': 'EPOCH_SUMMARY', 'epoch': 1, 'mean_entropy': 3.175764560699463, 'mean_max_prob': 0.04976106435060501, 'rejections': 0}", "epoch": null, "sharpe": null, "max_dd": null, "attn_entropy": null, "lr": null, "profit_factor": null, "loss": null, "val": null}
{"time": "2025-06-23 14:32:12,605", "level": "INFO", "msg": "EPOCH_METRICS", "epoch": 1, "sharpe": 0.0, "max_dd": 0.0, "attn_entropy": 3.176018048964128, "lr": 3.078279675044039e-09, "profit_factor": 0.0, "loss": 1.4118992005075728, "val": 1.371160477399826}
{"time": "2025-06-23 14:32:13,000", "level": "INFO", "msg": "META_MUTATION lr=+0.00, wd=-0.00, d_sma_period=-3, d_rsi_period=0, d_macd_fast=0, d_macd_slow=2, d_macd_signal=2, d_atr_period=-4, d_vortex_period=4, d_cmf_period=-2, d_ema_period=4, d_donchian_period=-1, d_kijun_period=-4, d_tenkan_period=-4, d_displacement=1, d_sl=-0.93, d_tp=+1.35, d_long_frac=+0.03, d_short_frac=+0.01 sl=4.07 tp=6.35 atr=10 vortex=18 cmf=18, ema=24, don=19, kij=22, ten=5, disp=27, long=0.068 short=0.052", "epoch": null, "sharpe": null, "max_dd": null, "attn_entropy": null, "lr": null, "profit_factor": null, "loss": null, "val": null}
{"time": "2025-06-23 14:32:19,948", "level": "INFO", "msg": "META_MUTATION lr=-0.00, wd=-0.00, d_sma_period=4, d_rsi_period=1, d_macd_fast=0, d_macd_slow=0, d_macd_signal=2, d_atr_period=3, d_vortex_period=-2, d_cmf_period=0, d_ema_period=3, d_donchian_period=0, d_kijun_period=1, d_tenkan_period=-2, d_displacement=0, d_sl=+0.11, d_tp=-0.00, d_long_frac=+0.02, d_short_frac=+0.01 sl=4.18 tp=6.35 atr=13 vortex=16 cmf=18, ema=27, don=19, kij=23, ten=5, disp=27, long=0.071 short=0.049", "epoch": null, "sharpe": null, "max_dd": null, "attn_entropy": null, "lr": null, "profit_factor": null, "loss": null, "val": null}
{"time": "2025-06-23 14:32:26,387", "level": "INFO", "msg": "FEATURE_IMPORTANCE toggle_sma 0.651", "epoch": null, "sharpe": null, "max_dd": null, "attn_entropy": null, "lr": null, "profit_factor": null, "loss": null, "val": null}
{"time": "2025-06-23 14:32:26,388", "level": "INFO", "msg": "FEATURE_IMPORTANCE toggle_rsi 0.481", "epoch": null, "sharpe": null, "max_dd": null, "attn_entropy": null, "lr": null, "profit_factor": null, "loss": null, "val": null}
{"time": "2025-06-23 14:32:26,388", "level": "INFO", "msg": "FEATURE_IMPORTANCE toggle_macd 0.315", "epoch": null, "sharpe": null, "max_dd": null, "attn_entropy": null, "lr": null, "profit_factor": null, "loss": null, "val": null}
{"time": "2025-06-23 14:32:26,389", "level": "INFO", "msg": "FEATURE_IMPORTANCE toggle_atr 0.682", "epoch": null, "sharpe": null, "max_dd": null, "attn_entropy": null, "lr": null, "profit_factor": null, "loss": null, "val": null}
{"time": "2025-06-23 14:32:26,389", "level": "INFO", "msg": "FEATURE_IMPORTANCE toggle_vortex 0.625", "epoch": null, "sharpe": null, "max_dd": null, "attn_entropy": null, "lr": null, "profit_factor": null, "loss": null, "val": null}
{"time": "2025-06-23 14:32:26,389", "level": "INFO", "msg": "FEATURE_IMPORTANCE toggle_cmf 0.502", "epoch": null, "sharpe": null, "max_dd": null, "attn_entropy": null, "lr": null, "profit_factor": null, "loss": null, "val": null}
{"time": "2025-06-23 14:32:26,390", "level": "INFO", "msg": "FEATURE_IMPORTANCE toggle_ichimoku 0.523", "epoch": null, "sharpe": null, "max_dd": null, "attn_entropy": null, "lr": null, "profit_factor": null, "loss": null, "val": null}
{"time": "2025-06-23 14:32:26,393", "level": "INFO", "msg": "FEATURE_IMPORTANCE toggle_ema 0.479", "epoch": null, "sharpe": null, "max_dd": null, "attn_entropy": null, "lr": null, "profit_factor": null, "loss": null, "val": null}
{"time": "2025-06-23 14:32:26,393", "level": "INFO", "msg": "FEATURE_IMPORTANCE toggle_donchian 0.594", "epoch": null, "sharpe": null, "max_dd": null, "attn_entropy": null, "lr": null, "profit_factor": null, "loss": null, "val": null}
{"time": "2025-06-23 14:32:26,393", "level": "INFO", "msg": "FEATURE_IMPORTANCE toggle_kijun 0.342", "epoch": null, "sharpe": null, "max_dd": null, "attn_entropy": null, "lr": null, "profit_factor": null, "loss": null, "val": null}
{"time": "2025-06-23 14:32:26,394", "level": "INFO", "msg": "FEATURE_IMPORTANCE toggle_tenkan 0.638", "epoch": null, "sharpe": null, "max_dd": null, "attn_entropy": null, "lr": null, "profit_factor": null, "loss": null, "val": null}
{"time": "2025-06-23 14:32:26,394", "level": "INFO", "msg": "FEATURE_IMPORTANCE toggle_disp 0.467", "epoch": null, "sharpe": null, "max_dd": null, "attn_entropy": null, "lr": null, "profit_factor": null, "loss": null, "val": null}
{"time": "2025-06-23 14:32:26,397", "level": "INFO", "msg": "META_MUTATION wd=-0.00, d_long_frac=+0.00, d_short_frac=+0.02 sl=4.18 tp=6.35 atr=13 vortex=16 cmf=18, ema=27, don=19, kij=23, ten=5, disp=27, long=0.063 short=0.057", "epoch": null, "sharpe": null, "max_dd": null, "attn_entropy": null, "lr": null, "profit_factor": null, "loss": null, "val": null}
{"time": "2025-06-23 14:32:32,993", "level": "INFO", "msg": "FEATURE_IMPORTANCE toggle_sma 0.661", "epoch": null, "sharpe": null, "max_dd": null, "attn_entropy": null, "lr": null, "profit_factor": null, "loss": null, "val": null}
{"time": "2025-06-23 14:32:32,994", "level": "INFO", "msg": "FEATURE_IMPORTANCE toggle_rsi 0.456", "epoch": null, "sharpe": null, "max_dd": null, "attn_entropy": null, "lr": null, "profit_factor": null, "loss": null, "val": null}
{"time": "2025-06-23 14:32:32,994", "level": "INFO", "msg": "FEATURE_IMPORTANCE toggle_macd 0.326", "epoch": null, "sharpe": null, "max_dd": null, "attn_entropy": null, "lr": null, "profit_factor": null, "loss": null, "val": null}
{"time": "2025-06-23 14:32:32,994", "level": "INFO", "msg": "FEATURE_IMPORTANCE toggle_atr 0.701", "epoch": null, "sharpe": null, "max_dd": null, "attn_entropy": null, "lr": null, "profit_factor": null, "loss": null, "val": null}
{"time": "2025-06-23 14:32:32,994", "level": "INFO", "msg": "FEATURE_IMPORTANCE toggle_vortex 0.635", "epoch": null, "sharpe": null, "max_dd": null, "attn_entropy": null, "lr": null, "profit_factor": null, "loss": null, "val": null}
{"time": "2025-06-23 14:32:32,994", "level": "INFO", "msg": "FEATURE_IMPORTANCE toggle_cmf 0.479", "epoch": null, "sharpe": null, "max_dd": null, "attn_entropy": null, "lr": null, "profit_factor": null, "loss": null, "val": null}
{"time": "2025-06-23 14:32:32,995", "level": "INFO", "msg": "FEATURE_IMPORTANCE toggle_ichimoku 0.595", "epoch": null, "sharpe": null, "max_dd": null, "attn_entropy": null, "lr": null, "profit_factor": null, "loss": null, "val": null}
{"time": "2025-06-23 14:32:32,995", "level": "INFO", "msg": "FEATURE_IMPORTANCE toggle_ema 0.439", "epoch": null, "sharpe": null, "max_dd": null, "attn_entropy": null, "lr": null, "profit_factor": null, "loss": null, "val": null}
{"time": "2025-06-23 14:32:32,995", "level": "INFO", "msg": "FEATURE_IMPORTANCE toggle_donchian 0.607", "epoch": null, "sharpe": null, "max_dd": null, "attn_entropy": null, "lr": null, "profit_factor": null, "loss": null, "val": null}
{"time": "2025-06-23 14:32:32,995", "level": "INFO", "msg": "FEATURE_IMPORTANCE toggle_kijun 0.345", "epoch": null, "sharpe": null, "max_dd": null, "attn_entropy": null, "lr": null, "profit_factor": null, "loss": null, "val": null}
{"time": "2025-06-23 14:32:32,996", "level": "INFO", "msg": "FEATURE_IMPORTANCE toggle_tenkan 0.624", "epoch": null, "sharpe": null, "max_dd": null, "attn_entropy": null, "lr": null, "profit_factor": null, "loss": null, "val": null}
{"time": "2025-06-23 14:32:32,996", "level": "INFO", "msg": "FEATURE_IMPORTANCE toggle_disp 0.524", "epoch": null, "sharpe": null, "max_dd": null, "attn_entropy": null, "lr": null, "profit_factor": null, "loss": null, "val": null}
{"time": "2025-06-23 14:32:32,996", "level": "INFO", "msg": "META_MUTATION lr=-0.00, d_long_frac=+0.03, d_short_frac=+0.01 sl=4.18 tp=6.35 atr=13 vortex=16 cmf=18, ema=27, don=19, kij=23, ten=5, disp=27, long=0.073 short=0.047", "epoch": null, "sharpe": null, "max_dd": null, "attn_entropy": null, "lr": null, "profit_factor": null, "loss": null, "val": null}
{"time": "2025-06-23 14:32:39,894", "level": "INFO", "msg": "META_MUTATION lr=-0.00, wd=-0.00, d_sma_period=4, d_rsi_period=-2, d_macd_fast=0, d_macd_slow=0, d_macd_signal=-1, d_atr_period=0, d_vortex_period=-1, d_cmf_period=-4, d_ema_period=-2, d_donchian_period=0, d_kijun_period=-1, d_tenkan_period=-3, d_displacement=2, d_sl=-1.17, d_tp=+0.65, d_long_frac=+0.00, d_short_frac=+0.03 sl=3.01 tp=7.00 atr=13 vortex=15 cmf=14, ema=25, don=19, kij=22, ten=5, disp=29, long=0.060 short=0.060", "epoch": null, "sharpe": null, "max_dd": null, "attn_entropy": null, "lr": null, "profit_factor": null, "loss": null, "val": null}
{"time": "2025-06-23 14:32:40,302", "level": "INFO", "msg": "DATALOADER", "epoch": null, "sharpe": null, "max_dd": null, "attn_entropy": null, "lr": null, "profit_factor": null, "loss": null, "val": null}
{"time": "2025-06-23 14:34:00,835", "level": "INFO", "msg": "NEW_BEST", "epoch": 1, "sharpe": 0.0, "max_dd": 0.0, "attn_entropy": 3.1176910019550492, "lr": 1e-06, "profit_factor": null, "loss": null, "val": null}
{"time": "2025-06-23 14:34:00,836", "level": "INFO", "msg": "FEATURE_IMPORTANCE toggle_sma 0.607", "epoch": null, "sharpe": null, "max_dd": null, "attn_entropy": null, "lr": null, "profit_factor": null, "loss": null, "val": null}
{"time": "2025-06-23 14:34:00,836", "level": "INFO", "msg": "{'event': 'EPOCH_SUMMARY', 'epoch': 1, 'mean_entropy': 3.1761012077331543, 'mean_max_prob': 0.049880292266607285, 'rejections': 0}", "epoch": null, "sharpe": null, "max_dd": null, "attn_entropy": null, "lr": null, "profit_factor": null, "loss": null, "val": null}
{"time": "2025-06-23 14:34:00,836", "level": "INFO", "msg": "FEATURE_IMPORTANCE toggle_rsi 0.443", "epoch": null, "sharpe": null, "max_dd": null, "attn_entropy": null, "lr": null, "profit_factor": null, "loss": null, "val": null}
{"time": "2025-06-23 14:34:00,836", "level": "INFO", "msg": "EPOCH", "epoch": 1, "sharpe": 0.0, "max_dd": null, "attn_entropy": null, "lr": 3.078279675044039e-09, "profit_factor": null, "loss": 1.4118992005075728, "val": null}
{"time": "2025-06-23 14:34:00,837", "level": "INFO", "msg": "FEATURE_IMPORTANCE toggle_macd 0.373", "epoch": null, "sharpe": null, "max_dd": null, "attn_entropy": null, "lr": null, "profit_factor": null, "loss": null, "val": null}
{"time": "2025-06-23 14:34:00,840", "level": "INFO", "msg": "FEATURE_IMPORTANCE toggle_atr 0.733", "epoch": null, "sharpe": null, "max_dd": null, "attn_entropy": null, "lr": null, "profit_factor": null, "loss": null, "val": null}
{"time": "2025-06-23 14:34:00,840", "level": "INFO", "msg": "FEATURE_IMPORTANCE toggle_vortex 0.638", "epoch": null, "sharpe": null, "max_dd": null, "attn_entropy": null, "lr": null, "profit_factor": null, "loss": null, "val": null}
{"time": "2025-06-23 14:34:00,841", "level": "INFO", "msg": "FEATURE_IMPORTANCE toggle_cmf 0.484", "epoch": null, "sharpe": null, "max_dd": null, "attn_entropy": null, "lr": null, "profit_factor": null, "loss": null, "val": null}
{"time": "2025-06-23 14:34:00,841", "level": "INFO", "msg": "FEATURE_IMPORTANCE toggle_ichimoku 0.531", "epoch": null, "sharpe": null, "max_dd": null, "attn_entropy": null, "lr": null, "profit_factor": null, "loss": null, "val": null}
{"time": "2025-06-23 14:34:00,842", "level": "INFO", "msg": "FEATURE_IMPORTANCE toggle_ema 0.449", "epoch": null, "sharpe": null, "max_dd": null, "attn_entropy": null, "lr": null, "profit_factor": null, "loss": null, "val": null}
{"time": "2025-06-23 14:34:00,842", "level": "INFO", "msg": "FEATURE_IMPORTANCE toggle_donchian 0.670", "epoch": null, "sharpe": null, "max_dd": null, "attn_entropy": null, "lr": null, "profit_factor": null, "loss": null, "val": null}
{"time": "2025-06-23 14:34:00,842", "level": "INFO", "msg": "FEATURE_IMPORTANCE toggle_kijun 0.339", "epoch": null, "sharpe": null, "max_dd": null, "attn_entropy": null, "lr": null, "profit_factor": null, "loss": null, "val": null}
{"time": "2025-06-23 14:34:00,844", "level": "INFO", "msg": "FEATURE_IMPORTANCE toggle_tenkan 0.568", "epoch": null, "sharpe": null, "max_dd": null, "attn_entropy": null, "lr": null, "profit_factor": null, "loss": null, "val": null}
{"time": "2025-06-23 14:34:00,844", "level": "INFO", "msg": "FEATURE_IMPORTANCE toggle_disp 0.525", "epoch": null, "sharpe": null, "max_dd": null, "attn_entropy": null, "lr": null, "profit_factor": null, "loss": null, "val": null}
{"time": "2025-06-23 14:34:00,845", "level": "INFO", "msg": "META_MUTATION d_rsi_period=-3, d_long_frac=-0.02, d_short_frac=-0.01 sl=3.01 tp=7.00 atr=13 vortex=15 cmf=14, ema=25, don=19, kij=22, ten=5, disp=29, long=0.035 short=0.046", "epoch": null, "sharpe": null, "max_dd": null, "attn_entropy": null, "lr": null, "profit_factor": null, "loss": null, "val": null}
{"time": "2025-06-23 14:34:32,499", "level": "INFO", "msg": "DATALOADER", "epoch": null, "sharpe": null, "max_dd": null, "attn_entropy": null, "lr": null, "profit_factor": null, "loss": null, "val": null}
{"time": "2025-06-23 14:34:32,499", "level": "INFO", "msg": "START_EPOCH", "epoch": 2, "sharpe": null, "max_dd": null, "attn_entropy": null, "lr": null, "profit_factor": null, "loss": null, "val": null}
{"time": "2025-06-23 14:35:49,295", "level": "INFO", "msg": "{'event': 'EPOCH_SUMMARY', 'epoch': 2, 'mean_entropy': 3.1758434772491455, 'mean_max_prob': 0.04964667558670044, 'rejections': 0}", "epoch": null, "sharpe": null, "max_dd": null, "attn_entropy": null, "lr": null, "profit_factor": null, "loss": null, "val": null}
{"time": "2025-06-23 14:35:54,604", "level": "INFO", "msg": "EPOCH_METRICS", "epoch": 2, "sharpe": 0.0, "max_dd": 0.0, "attn_entropy": 3.122928142036198, "lr": 6.4130826563417414e-09, "profit_factor": 0.0, "loss": 1.4000684874398368, "val": 1.3599412441253662}
{"time": "2025-06-23 14:35:54,730", "level": "INFO", "msg": "EPOCH", "epoch": 2, "sharpe": 0.0, "max_dd": null, "attn_entropy": null, "lr": 6.4130826563417414e-09, "profit_factor": null, "loss": 1.4000684874398368, "val": null}
{"time": "2025-06-23 14:35:55,379", "level": "INFO", "msg": "FEATURE_IMPORTANCE toggle_sma 0.664", "epoch": null, "sharpe": null, "max_dd": null, "attn_entropy": null, "lr": null, "profit_factor": null, "loss": null, "val": null}
{"time": "2025-06-23 14:35:55,379", "level": "INFO", "msg": "FEATURE_IMPORTANCE toggle_rsi 0.390", "epoch": null, "sharpe": null, "max_dd": null, "attn_entropy": null, "lr": null, "profit_factor": null, "loss": null, "val": null}
{"time": "2025-06-23 14:35:55,380", "level": "INFO", "msg": "FEATURE_IMPORTANCE toggle_macd 0.374", "epoch": null, "sharpe": null, "max_dd": null, "attn_entropy": null, "lr": null, "profit_factor": null, "loss": null, "val": null}
{"time": "2025-06-23 14:35:55,380", "level": "INFO", "msg": "FEATURE_IMPORTANCE toggle_atr 0.679", "epoch": null, "sharpe": null, "max_dd": null, "attn_entropy": null, "lr": null, "profit_factor": null, "loss": null, "val": null}
{"time": "2025-06-23 14:35:55,381", "level": "INFO", "msg": "FEATURE_IMPORTANCE toggle_vortex 0.619", "epoch": null, "sharpe": null, "max_dd": null, "attn_entropy": null, "lr": null, "profit_factor": null, "loss": null, "val": null}
{"time": "2025-06-23 14:35:55,381", "level": "INFO", "msg": "FEATURE_IMPORTANCE toggle_cmf 0.432", "epoch": null, "sharpe": null, "max_dd": null, "attn_entropy": null, "lr": null, "profit_factor": null, "loss": null, "val": null}
{"time": "2025-06-23 14:35:55,382", "level": "INFO", "msg": "FEATURE_IMPORTANCE toggle_ichimoku 0.486", "epoch": null, "sharpe": null, "max_dd": null, "attn_entropy": null, "lr": null, "profit_factor": null, "loss": null, "val": null}
{"time": "2025-06-23 14:35:55,382", "level": "INFO", "msg": "FEATURE_IMPORTANCE toggle_ema 0.453", "epoch": null, "sharpe": null, "max_dd": null, "attn_entropy": null, "lr": null, "profit_factor": null, "loss": null, "val": null}
{"time": "2025-06-23 14:35:55,382", "level": "INFO", "msg": "FEATURE_IMPORTANCE toggle_donchian 0.612", "epoch": null, "sharpe": null, "max_dd": null, "attn_entropy": null, "lr": null, "profit_factor": null, "loss": null, "val": null}
{"time": "2025-06-23 14:35:55,385", "level": "INFO", "msg": "FEATURE_IMPORTANCE toggle_kijun 0.435", "epoch": null, "sharpe": null, "max_dd": null, "attn_entropy": null, "lr": null, "profit_factor": null, "loss": null, "val": null}
{"time": "2025-06-23 14:35:55,386", "level": "INFO", "msg": "FEATURE_IMPORTANCE toggle_tenkan 0.613", "epoch": null, "sharpe": null, "max_dd": null, "attn_entropy": null, "lr": null, "profit_factor": null, "loss": null, "val": null}
{"time": "2025-06-23 14:35:55,386", "level": "INFO", "msg": "FEATURE_IMPORTANCE toggle_disp 0.552", "epoch": null, "sharpe": null, "max_dd": null, "attn_entropy": null, "lr": null, "profit_factor": null, "loss": null, "val": null}
{"time": "2025-06-23 14:35:55,387", "level": "INFO", "msg": "META_MUTATION wd=+0.00, d_long_frac=+0.01, d_short_frac=+0.04 sl=3.01 tp=7.00 atr=13 vortex=15 cmf=14, ema=25, don=19, kij=22, ten=5, disp=29, long=0.044 short=0.076", "epoch": null, "sharpe": null, "max_dd": null, "attn_entropy": null, "lr": null, "profit_factor": null, "loss": null, "val": null}
{"time": "2025-06-23 14:36:27,008", "level": "INFO", "msg": "DATALOADER", "epoch": null, "sharpe": null, "max_dd": null, "attn_entropy": null, "lr": null, "profit_factor": null, "loss": null, "val": null}
{"time": "2025-06-23 14:36:27,009", "level": "INFO", "msg": "START_EPOCH", "epoch": 3, "sharpe": null, "max_dd": null, "attn_entropy": null, "lr": null, "profit_factor": null, "loss": null, "val": null}
{"time": "2025-06-23 14:37:44,939", "level": "INFO", "msg": "{'event': 'EPOCH_SUMMARY', 'epoch': 3, 'mean_entropy': 3.1757209300994873, 'mean_max_prob': 0.04958704113960266, 'rejections': 0}", "epoch": null, "sharpe": null, "max_dd": null, "attn_entropy": null, "lr": null, "profit_factor": null, "loss": null, "val": null}
{"time": "2025-06-23 14:37:50,063", "level": "INFO", "msg": "EPOCH_METRICS", "epoch": 3, "sharpe": 0.0, "max_dd": 0.0, "attn_entropy": 3.124945807201042, "lr": 6.4130826563417414e-09, "profit_factor": 0.0, "loss": 1.3737426613058363, "val": 1.1803433746099472}
{"time": "2025-06-23 14:37:50,072", "level": "INFO", "msg": "EPOCH", "epoch": 3, "sharpe": 0.0, "max_dd": null, "attn_entropy": null, "lr": 6.4130826563417414e-09, "profit_factor": null, "loss": 1.3737426613058363, "val": null}
{"time": "2025-06-23 14:37:50,991", "level": "INFO", "msg": "FEATURE_IMPORTANCE toggle_sma 0.655", "epoch": null, "sharpe": null, "max_dd": null, "attn_entropy": null, "lr": null, "profit_factor": null, "loss": null, "val": null}
{"time": "2025-06-23 14:37:50,992", "level": "INFO", "msg": "FEATURE_IMPORTANCE toggle_rsi 0.373", "epoch": null, "sharpe": null, "max_dd": null, "attn_entropy": null, "lr": null, "profit_factor": null, "loss": null, "val": null}
{"time": "2025-06-23 14:37:50,992", "level": "INFO", "msg": "FEATURE_IMPORTANCE toggle_macd 0.381", "epoch": null, "sharpe": null, "max_dd": null, "attn_entropy": null, "lr": null, "profit_factor": null, "loss": null, "val": null}
{"time": "2025-06-23 14:37:50,993", "level": "INFO", "msg": "FEATURE_IMPORTANCE toggle_atr 0.749", "epoch": null, "sharpe": null, "max_dd": null, "attn_entropy": null, "lr": null, "profit_factor": null, "loss": null, "val": null}
{"time": "2025-06-23 14:37:50,993", "level": "INFO", "msg": "FEATURE_IMPORTANCE toggle_vortex 0.592", "epoch": null, "sharpe": null, "max_dd": null, "attn_entropy": null, "lr": null, "profit_factor": null, "loss": null, "val": null}
{"time": "2025-06-23 14:37:50,993", "level": "INFO", "msg": "FEATURE_IMPORTANCE toggle_cmf 0.512", "epoch": null, "sharpe": null, "max_dd": null, "attn_entropy": null, "lr": null, "profit_factor": null, "loss": null, "val": null}
{"time": "2025-06-23 14:37:50,994", "level": "INFO", "msg": "FEATURE_IMPORTANCE toggle_ichimoku 0.565", "epoch": null, "sharpe": null, "max_dd": null, "attn_entropy": null, "lr": null, "profit_factor": null, "loss": null, "val": null}
{"time": "2025-06-23 14:37:50,994", "level": "INFO", "msg": "FEATURE_IMPORTANCE toggle_ema 0.453", "epoch": null, "sharpe": null, "max_dd": null, "attn_entropy": null, "lr": null, "profit_factor": null, "loss": null, "val": null}
{"time": "2025-06-23 14:37:50,994", "level": "INFO", "msg": "FEATURE_IMPORTANCE toggle_donchian 0.698", "epoch": null, "sharpe": null, "max_dd": null, "attn_entropy": null, "lr": null, "profit_factor": null, "loss": null, "val": null}
{"time": "2025-06-23 14:37:50,995", "level": "INFO", "msg": "FEATURE_IMPORTANCE toggle_kijun 0.352", "epoch": null, "sharpe": null, "max_dd": null, "attn_entropy": null, "lr": null, "profit_factor": null, "loss": null, "val": null}
{"time": "2025-06-23 14:37:50,995", "level": "INFO", "msg": "FEATURE_IMPORTANCE toggle_tenkan 0.514", "epoch": null, "sharpe": null, "max_dd": null, "attn_entropy": null, "lr": null, "profit_factor": null, "loss": null, "val": null}
{"time": "2025-06-23 14:37:50,996", "level": "INFO", "msg": "FEATURE_IMPORTANCE toggle_disp 0.503", "epoch": null, "sharpe": null, "max_dd": null, "attn_entropy": null, "lr": null, "profit_factor": null, "loss": null, "val": null}
{"time": "2025-06-23 14:37:50,999", "level": "INFO", "msg": "META_MUTATION d_ema_period=0, d_long_frac=+0.03, d_short_frac=-0.03 sl=3.01 tp=7.00 atr=13 vortex=15 cmf=14, ema=25, don=19, kij=22, ten=5, disp=29, long=0.072 short=0.048", "epoch": null, "sharpe": null, "max_dd": null, "attn_entropy": null, "lr": null, "profit_factor": null, "loss": null, "val": null}
{"time": "2025-06-23 14:38:22,196", "level": "INFO", "msg": "DATALOADER", "epoch": null, "sharpe": null, "max_dd": null, "attn_entropy": null, "lr": null, "profit_factor": null, "loss": null, "val": null}
{"time": "2025-06-23 14:38:22,197", "level": "INFO", "msg": "START_EPOCH", "epoch": 4, "sharpe": null, "max_dd": null, "attn_entropy": null, "lr": null, "profit_factor": null, "loss": null, "val": null}
{"time": "2025-06-23 14:38:34,453", "level": "INFO", "msg": "DATALOADER", "epoch": null, "sharpe": null, "max_dd": null, "attn_entropy": null, "lr": null, "profit_factor": null, "loss": null, "val": null}
{"time": "2025-06-23 14:38:34,453", "level": "INFO", "msg": "START_EPOCH", "epoch": 1, "sharpe": null, "max_dd": null, "attn_entropy": null, "lr": null, "profit_factor": null, "loss": null, "val": null}
{"time": "2025-06-23 14:38:34,658", "level": "INFO", "msg": "Adjusting model dim from 13 to 16 for 8 heads", "epoch": null, "sharpe": null, "max_dd": null, "attn_entropy": null, "lr": null, "profit_factor": null, "loss": null, "val": null}
{"time": "2025-06-23 14:38:34,686", "level": "INFO", "msg": "Adjusting model dim from 13 to 16 for 8 heads", "epoch": null, "sharpe": null, "max_dd": null, "attn_entropy": null, "lr": null, "profit_factor": null, "loss": null, "val": null}
{"time": "2025-06-23 14:38:34,708", "level": "WARNING", "msg": "Input features 13 < expected 16, padding", "epoch": null, "sharpe": null, "max_dd": null, "attn_entropy": null, "lr": null, "profit_factor": null, "loss": null, "val": null}
{"time": "2025-06-23 14:38:35,364", "level": "WARNING", "msg": "Input features 13 < expected 16, padding", "epoch": null, "sharpe": null, "max_dd": null, "attn_entropy": null, "lr": null, "profit_factor": null, "loss": null, "val": null}
{"time": "2025-06-23 14:40:07,916", "level": "INFO", "msg": "{'event': 'EPOCH_SUMMARY', 'epoch': 4, 'mean_entropy': 3.17572283744812, 'mean_max_prob': 0.04959345981478691, 'rejections': 0}", "epoch": null, "sharpe": null, "max_dd": null, "attn_entropy": null, "lr": null, "profit_factor": null, "loss": null, "val": null}
{"time": "2025-06-23 14:40:14,050", "level": "INFO", "msg": "EPOCH_METRICS", "epoch": 4, "sharpe": 0.0, "max_dd": 0.0, "attn_entropy": 3.176405776483192, "lr": 6.4130826563417414e-09, "profit_factor": 0.0, "loss": 1.3864864366395133, "val": 1.2412657737731934}
{"time": "2025-06-23 14:40:14,316", "level": "INFO", "msg": "EPOCH", "epoch": 4, "sharpe": 0.0, "max_dd": null, "attn_entropy": null, "lr": 6.4130826563417414e-09, "profit_factor": null, "loss": 1.3864864366395133, "val": null}
{"time": "2025-06-23 14:40:15,500", "level": "INFO", "msg": "META_MUTATION lr=-0.00, wd=+0.00, d_sma_period=4, d_rsi_period=0, d_macd_fast=-1, d_macd_slow=2, d_macd_signal=-2, d_atr_period=4, d_vortex_period=-2, d_cmf_period=1, d_ema_period=0, d_donchian_period=0, d_kijun_period=4, d_tenkan_period=-4, d_displacement=4, d_sl=+1.98, d_tp=+1.20, d_long_frac=+0.04, d_short_frac=-0.01 sl=4.99 tp=8.20 atr=17 vortex=13 cmf=15, ema=25, don=19, kij=26, ten=5, disp=33, long=0.090 short=0.030", "epoch": null, "sharpe": null, "max_dd": null, "attn_entropy": null, "lr": null, "profit_factor": null, "loss": null, "val": null}
{"time": "2025-06-23 14:40:15,501", "level": "INFO", "msg": "Adjusting model dim from 17 to 24 for 8 heads", "epoch": null, "sharpe": null, "max_dd": null, "attn_entropy": null, "lr": null, "profit_factor": null, "loss": null, "val": null}
{"time": "2025-06-23 14:40:15,677", "level": "INFO", "msg": "Adjusting model dim from 17 to 24 for 8 heads", "epoch": null, "sharpe": null, "max_dd": null, "attn_entropy": null, "lr": null, "profit_factor": null, "loss": null, "val": null}
{"time": "2025-06-23 14:40:15,924", "level": "WARNING", "msg": "Input features 17 < expected 24, padding", "epoch": null, "sharpe": null, "max_dd": null, "attn_entropy": null, "lr": null, "profit_factor": null, "loss": null, "val": null}
{"time": "2025-06-23 14:40:16,815", "level": "WARNING", "msg": "Input features 17 < expected 24, padding", "epoch": null, "sharpe": null, "max_dd": null, "attn_entropy": null, "lr": null, "profit_factor": null, "loss": null, "val": null}
{"time": "2025-06-23 14:41:00,085", "level": "INFO", "msg": "DATALOADER", "epoch": null, "sharpe": null, "max_dd": null, "attn_entropy": null, "lr": null, "profit_factor": null, "loss": null, "val": null}
{"time": "2025-06-23 14:41:00,085", "level": "INFO", "msg": "START_EPOCH", "epoch": 5, "sharpe": null, "max_dd": null, "attn_entropy": null, "lr": null, "profit_factor": null, "loss": null, "val": null}
{"time": "2025-06-23 14:42:36,859", "level": "INFO", "msg": "{'event': 'EPOCH_SUMMARY', 'epoch': 5, 'mean_entropy': 3.1760478019714355, 'mean_max_prob': 0.04967636615037918, 'rejections': 0}", "epoch": null, "sharpe": null, "max_dd": null, "attn_entropy": null, "lr": null, "profit_factor": null, "loss": null, "val": null}
{"time": "2025-06-23 14:42:42,709", "level": "INFO", "msg": "EPOCH_METRICS", "epoch": 5, "sharpe": -1.9688778074305382, "max_dd": -0.9998902665663143, "attn_entropy": 3.1765887752594026, "lr": 6.4130826563417414e-09, "profit_factor": 1.084079313679012, "loss": 1.363822911466871, "val": 1.3369781076908112}
{"time": "2025-06-23 14:42:42,716", "level": "INFO", "msg": "REJECTED", "epoch": 5, "sharpe": -1.9688778074305382, "max_dd": -0.9998902665663143, "attn_entropy": 3.1765887752594026, "lr": null, "profit_factor": null, "loss": null, "val": null}
{"time": "2025-06-23 14:43:38,212", "level": "INFO", "msg": "DATALOADER", "epoch": null, "sharpe": null, "max_dd": null, "attn_entropy": null, "lr": null, "profit_factor": null, "loss": null, "val": null}
{"time": "2025-06-23 14:43:38,213", "level": "INFO", "msg": "START_EPOCH", "epoch": 6, "sharpe": null, "max_dd": null, "attn_entropy": null, "lr": null, "profit_factor": null, "loss": null, "val": null}
{"time": "2025-06-23 15:13:47,348", "level": "INFO", "msg": "REJECTED by risk filter", "epoch": 1, "sharpe": -1.9688778074305382, "max_dd": -0.9998902665663143, "attn_entropy": 3.177042155265808, "lr": 5.7424177868402006e-08, "profit_factor": null, "loss": null, "val": null}
{"time": "2025-06-23 15:13:47,348", "level": "INFO", "msg": "FEATURE_IMPORTANCE toggle_sma 0.635", "epoch": null, "sharpe": null, "max_dd": null, "attn_entropy": null, "lr": null, "profit_factor": null, "loss": null, "val": null}
{"time": "2025-06-23 15:13:47,349", "level": "INFO", "msg": "{'event': 'EPOCH_SUMMARY', 'epoch': 1, 'mean_entropy': 3.176227569580078, 'mean_max_prob': 0.04844548925757408, 'rejections': 1}", "epoch": null, "sharpe": null, "max_dd": null, "attn_entropy": null, "lr": null, "profit_factor": null, "loss": null, "val": null}
{"time": "2025-06-23 15:13:47,349", "level": "INFO", "msg": "FEATURE_IMPORTANCE toggle_rsi 0.267", "epoch": null, "sharpe": null, "max_dd": null, "attn_entropy": null, "lr": null, "profit_factor": null, "loss": null, "val": null}
{"time": "2025-06-23 15:13:47,353", "level": "INFO", "msg": "FEATURE_IMPORTANCE toggle_macd 0.344", "epoch": null, "sharpe": null, "max_dd": null, "attn_entropy": null, "lr": null, "profit_factor": null, "loss": null, "val": null}
{"time": "2025-06-23 15:13:47,353", "level": "INFO", "msg": "FEATURE_IMPORTANCE toggle_atr 0.700", "epoch": null, "sharpe": null, "max_dd": null, "attn_entropy": null, "lr": null, "profit_factor": null, "loss": null, "val": null}
{"time": "2025-06-23 15:13:47,355", "level": "INFO", "msg": "FEATURE_IMPORTANCE toggle_vortex 0.616", "epoch": null, "sharpe": null, "max_dd": null, "attn_entropy": null, "lr": null, "profit_factor": null, "loss": null, "val": null}
{"time": "2025-06-23 15:13:47,388", "level": "INFO", "msg": "FEATURE_IMPORTANCE toggle_cmf 0.588", "epoch": null, "sharpe": null, "max_dd": null, "attn_entropy": null, "lr": null, "profit_factor": null, "loss": null, "val": null}
{"time": "2025-06-23 15:13:47,388", "level": "INFO", "msg": "FEATURE_IMPORTANCE toggle_ichimoku 0.565", "epoch": null, "sharpe": null, "max_dd": null, "attn_entropy": null, "lr": null, "profit_factor": null, "loss": null, "val": null}
{"time": "2025-06-23 15:13:47,389", "level": "INFO", "msg": "FEATURE_IMPORTANCE toggle_ema 0.413", "epoch": null, "sharpe": null, "max_dd": null, "attn_entropy": null, "lr": null, "profit_factor": null, "loss": null, "val": null}
{"time": "2025-06-23 15:13:47,389", "level": "INFO", "msg": "FEATURE_IMPORTANCE toggle_donchian 0.645", "epoch": null, "sharpe": null, "max_dd": null, "attn_entropy": null, "lr": null, "profit_factor": null, "loss": null, "val": null}
{"time": "2025-06-23 15:13:47,389", "level": "INFO", "msg": "FEATURE_IMPORTANCE toggle_kijun 0.359", "epoch": null, "sharpe": null, "max_dd": null, "attn_entropy": null, "lr": null, "profit_factor": null, "loss": null, "val": null}
{"time": "2025-06-23 15:13:47,389", "level": "INFO", "msg": "FEATURE_IMPORTANCE toggle_tenkan 0.529", "epoch": null, "sharpe": null, "max_dd": null, "attn_entropy": null, "lr": null, "profit_factor": null, "loss": null, "val": null}
{"time": "2025-06-23 15:13:47,390", "level": "INFO", "msg": "FEATURE_IMPORTANCE toggle_disp 0.542", "epoch": null, "sharpe": null, "max_dd": null, "attn_entropy": null, "lr": null, "profit_factor": null, "loss": null, "val": null}
{"time": "2025-06-23 15:13:47,390", "level": "INFO", "msg": "META_MUTATION d_tenkan_period=-1, d_long_frac=+0.04, d_short_frac=-0.04 sl=4.99 tp=8.20 atr=17 vortex=13 cmf=15, ema=25, don=19, kij=26, ten=5, disp=33, long=0.100 short=0.000", "epoch": null, "sharpe": null, "max_dd": null, "attn_entropy": null, "lr": null, "profit_factor": null, "loss": null, "val": null}
{"time": "2025-06-23 15:13:47,442", "level": "INFO", "msg": "Adjusting model dim from 13 to 16 for 8 heads", "epoch": null, "sharpe": null, "max_dd": null, "attn_entropy": null, "lr": null, "profit_factor": null, "loss": null, "val": null}
{"time": "2025-06-23 15:13:47,538", "level": "INFO", "msg": "Adjusting model dim from 13 to 16 for 8 heads", "epoch": null, "sharpe": null, "max_dd": null, "attn_entropy": null, "lr": null, "profit_factor": null, "loss": null, "val": null}
{"time": "2025-06-23 15:13:47,628", "level": "WARNING", "msg": "Input features 13 < expected 16, padding", "epoch": null, "sharpe": null, "max_dd": null, "attn_entropy": null, "lr": null, "profit_factor": null, "loss": null, "val": null}
{"time": "2025-06-23 15:13:48,294", "level": "WARNING", "msg": "Input features 13 < expected 16, padding", "epoch": null, "sharpe": null, "max_dd": null, "attn_entropy": null, "lr": null, "profit_factor": null, "loss": null, "val": null}
{"time": "2025-06-23 15:13:59,658", "level": "INFO", "msg": "EPOCH_METRICS", "epoch": 1, "sharpe": -1.9688778074305382, "max_dd": -0.9998902665663143, "attn_entropy": 3.1768839287757875, "lr": 2.296967114736082e-09, "profit_factor": 1.084079313679012, "loss": 1.3056314120921053, "val": 1.2282890677452087}
{"time": "2025-06-23 15:13:59,659", "level": "INFO", "msg": "REJECTED", "epoch": 1, "sharpe": -1.9688778074305382, "max_dd": -0.9998902665663143, "attn_entropy": 3.1768839287757875, "lr": null, "profit_factor": null, "loss": null, "val": null}
{"time": "2025-06-23 15:13:59,662", "level": "INFO", "msg": "START_EPOCH", "epoch": 2, "sharpe": null, "max_dd": null, "attn_entropy": null, "lr": null, "profit_factor": null, "loss": null, "val": null}
{"time": "2025-06-23 15:15:53,107", "level": "INFO", "msg": "FEATURE_IMPORTANCE toggle_sma 0.500", "epoch": null, "sharpe": null, "max_dd": null, "attn_entropy": null, "lr": null, "profit_factor": null, "loss": null, "val": null}
{"time": "2025-06-23 15:15:53,108", "level": "INFO", "msg": "{'event': 'EPOCH_SUMMARY', 'epoch': 6, 'mean_entropy': 3.176229238510132, 'mean_max_prob': 0.04960117116570473, 'rejections': 0}", "epoch": null, "sharpe": null, "max_dd": null, "attn_entropy": null, "lr": null, "profit_factor": null, "loss": null, "val": null}
{"time": "2025-06-23 15:15:53,110", "level": "INFO", "msg": "FEATURE_IMPORTANCE toggle_rsi 0.616", "epoch": null, "sharpe": null, "max_dd": null, "attn_entropy": null, "lr": null, "profit_factor": null, "loss": null, "val": null}
{"time": "2025-06-23 15:15:53,110", "level": "INFO", "msg": "FEATURE_IMPORTANCE toggle_macd 0.350", "epoch": null, "sharpe": null, "max_dd": null, "attn_entropy": null, "lr": null, "profit_factor": null, "loss": null, "val": null}
{"time": "2025-06-23 15:15:53,111", "level": "INFO", "msg": "FEATURE_IMPORTANCE toggle_atr 0.342", "epoch": null, "sharpe": null, "max_dd": null, "attn_entropy": null, "lr": null, "profit_factor": null, "loss": null, "val": null}
{"time": "2025-06-23 15:15:53,111", "level": "INFO", "msg": "FEATURE_IMPORTANCE toggle_vortex 0.672", "epoch": null, "sharpe": null, "max_dd": null, "attn_entropy": null, "lr": null, "profit_factor": null, "loss": null, "val": null}
{"time": "2025-06-23 15:15:53,112", "level": "INFO", "msg": "FEATURE_IMPORTANCE toggle_cmf 0.385", "epoch": null, "sharpe": null, "max_dd": null, "attn_entropy": null, "lr": null, "profit_factor": null, "loss": null, "val": null}
{"time": "2025-06-23 15:15:53,112", "level": "INFO", "msg": "FEATURE_IMPORTANCE toggle_ichimoku 0.309", "epoch": null, "sharpe": null, "max_dd": null, "attn_entropy": null, "lr": null, "profit_factor": null, "loss": null, "val": null}
{"time": "2025-06-23 15:15:53,113", "level": "INFO", "msg": "FEATURE_IMPORTANCE toggle_ema 0.527", "epoch": null, "sharpe": null, "max_dd": null, "attn_entropy": null, "lr": null, "profit_factor": null, "loss": null, "val": null}
{"time": "2025-06-23 15:15:53,113", "level": "INFO", "msg": "FEATURE_IMPORTANCE toggle_donchian 0.520", "epoch": null, "sharpe": null, "max_dd": null, "attn_entropy": null, "lr": null, "profit_factor": null, "loss": null, "val": null}
{"time": "2025-06-23 15:15:53,113", "level": "INFO", "msg": "FEATURE_IMPORTANCE toggle_kijun 0.628", "epoch": null, "sharpe": null, "max_dd": null, "attn_entropy": null, "lr": null, "profit_factor": null, "loss": null, "val": null}
{"time": "2025-06-23 15:15:53,113", "level": "INFO", "msg": "FEATURE_IMPORTANCE toggle_tenkan 0.367", "epoch": null, "sharpe": null, "max_dd": null, "attn_entropy": null, "lr": null, "profit_factor": null, "loss": null, "val": null}
{"time": "2025-06-23 15:15:53,113", "level": "INFO", "msg": "FEATURE_IMPORTANCE toggle_disp 0.291", "epoch": null, "sharpe": null, "max_dd": null, "attn_entropy": null, "lr": null, "profit_factor": null, "loss": null, "val": null}
{"time": "2025-06-23 15:15:53,114", "level": "INFO", "msg": "META_MUTATION d_cmf_period=0, d_long_frac=+0.00, d_short_frac=-0.02 sl=4.99 tp=8.20 atr=17 vortex=13 cmf=15, ema=25, don=19, kij=26, ten=5, disp=33, long=0.100 short=0.000", "epoch": null, "sharpe": null, "max_dd": null, "attn_entropy": null, "lr": null, "profit_factor": null, "loss": null, "val": null}
{"time": "2025-06-23 15:15:53,114", "level": "INFO", "msg": "Adjusting model dim from 17 to 24 for 8 heads", "epoch": null, "sharpe": null, "max_dd": null, "attn_entropy": null, "lr": null, "profit_factor": null, "loss": null, "val": null}
{"time": "2025-06-23 15:15:53,303", "level": "INFO", "msg": "Adjusting model dim from 17 to 24 for 8 heads", "epoch": null, "sharpe": null, "max_dd": null, "attn_entropy": null, "lr": null, "profit_factor": null, "loss": null, "val": null}
{"time": "2025-06-23 15:15:54,480", "level": "WARNING", "msg": "Input features 17 < expected 24, padding", "epoch": null, "sharpe": null, "max_dd": null, "attn_entropy": null, "lr": null, "profit_factor": null, "loss": null, "val": null}
{"time": "2025-06-23 15:15:55,363", "level": "WARNING", "msg": "Input features 17 < expected 24, padding", "epoch": null, "sharpe": null, "max_dd": null, "attn_entropy": null, "lr": null, "profit_factor": null, "loss": null, "val": null}
{"time": "2025-06-23 15:16:00,134", "level": "INFO", "msg": "EPOCH_METRICS", "epoch": 6, "sharpe": -1.9688778074305382, "max_dd": -0.9998902665663143, "attn_entropy": 3.17611796200253, "lr": 6.4130826563417414e-09, "profit_factor": 1.084079313679012, "loss": 1.3708293352808272, "val": 1.4301869869232178}
{"time": "2025-06-23 15:16:00,136", "level": "INFO", "msg": "REJECTED", "epoch": 6, "sharpe": -1.9688778074305382, "max_dd": -0.9998902665663143, "attn_entropy": 3.17611796200253, "lr": null, "profit_factor": null, "loss": null, "val": null}
{"time": "2025-06-23 15:16:01,778", "level": "INFO", "msg": "FEATURE_IMPORTANCE toggle_sma 0.485", "epoch": null, "sharpe": null, "max_dd": null, "attn_entropy": null, "lr": null, "profit_factor": null, "loss": null, "val": null}
{"time": "2025-06-23 15:16:01,781", "level": "INFO", "msg": "FEATURE_IMPORTANCE toggle_rsi 0.676", "epoch": null, "sharpe": null, "max_dd": null, "attn_entropy": null, "lr": null, "profit_factor": null, "loss": null, "val": null}
{"time": "2025-06-23 15:16:01,781", "level": "INFO", "msg": "FEATURE_IMPORTANCE toggle_macd 0.299", "epoch": null, "sharpe": null, "max_dd": null, "attn_entropy": null, "lr": null, "profit_factor": null, "loss": null, "val": null}
{"time": "2025-06-23 15:16:01,783", "level": "INFO", "msg": "FEATURE_IMPORTANCE toggle_atr 0.342", "epoch": null, "sharpe": null, "max_dd": null, "attn_entropy": null, "lr": null, "profit_factor": null, "loss": null, "val": null}
{"time": "2025-06-23 15:16:01,783", "level": "INFO", "msg": "FEATURE_IMPORTANCE toggle_vortex 0.640", "epoch": null, "sharpe": null, "max_dd": null, "attn_entropy": null, "lr": null, "profit_factor": null, "loss": null, "val": null}
{"time": "2025-06-23 15:16:01,783", "level": "INFO", "msg": "FEATURE_IMPORTANCE toggle_cmf 0.393", "epoch": null, "sharpe": null, "max_dd": null, "attn_entropy": null, "lr": null, "profit_factor": null, "loss": null, "val": null}
{"time": "2025-06-23 15:16:01,784", "level": "INFO", "msg": "FEATURE_IMPORTANCE toggle_ichimoku 0.312", "epoch": null, "sharpe": null, "max_dd": null, "attn_entropy": null, "lr": null, "profit_factor": null, "loss": null, "val": null}
{"time": "2025-06-23 15:16:01,784", "level": "INFO", "msg": "FEATURE_IMPORTANCE toggle_ema 0.620", "epoch": null, "sharpe": null, "max_dd": null, "attn_entropy": null, "lr": null, "profit_factor": null, "loss": null, "val": null}
{"time": "2025-06-23 15:16:01,787", "level": "INFO", "msg": "FEATURE_IMPORTANCE toggle_donchian 0.375", "epoch": null, "sharpe": null, "max_dd": null, "attn_entropy": null, "lr": null, "profit_factor": null, "loss": null, "val": null}
{"time": "2025-06-23 15:16:01,788", "level": "INFO", "msg": "FEATURE_IMPORTANCE toggle_kijun 0.523", "epoch": null, "sharpe": null, "max_dd": null, "attn_entropy": null, "lr": null, "profit_factor": null, "loss": null, "val": null}
{"time": "2025-06-23 15:16:01,788", "level": "INFO", "msg": "FEATURE_IMPORTANCE toggle_tenkan 0.433", "epoch": null, "sharpe": null, "max_dd": null, "attn_entropy": null, "lr": null, "profit_factor": null, "loss": null, "val": null}
{"time": "2025-06-23 15:16:01,789", "level": "INFO", "msg": "FEATURE_IMPORTANCE toggle_disp 0.298", "epoch": null, "sharpe": null, "max_dd": null, "attn_entropy": null, "lr": null, "profit_factor": null, "loss": null, "val": null}
{"time": "2025-06-23 15:16:01,796", "level": "INFO", "msg": "META_MUTATION d_donchian_period=4, d_long_frac=+0.03, d_short_frac=+0.04 sl=4.99 tp=8.20 atr=17 vortex=13 cmf=15, ema=25, don=23, kij=26, ten=5, disp=33, long=0.086 short=0.034", "epoch": null, "sharpe": null, "max_dd": null, "attn_entropy": null, "lr": null, "profit_factor": null, "loss": null, "val": null}
{"time": "2025-06-23 15:16:58,725", "level": "INFO", "msg": "DATALOADER", "epoch": null, "sharpe": null, "max_dd": null, "attn_entropy": null, "lr": null, "profit_factor": null, "loss": null, "val": null}
{"time": "2025-06-23 15:16:58,725", "level": "INFO", "msg": "START_EPOCH", "epoch": 7, "sharpe": null, "max_dd": null, "attn_entropy": null, "lr": null, "profit_factor": null, "loss": null, "val": null}
{"time": "2025-06-23 15:18:36,232", "level": "INFO", "msg": "{'event': 'EPOCH_SUMMARY', 'epoch': 7, 'mean_entropy': 3.1763477325439453, 'mean_max_prob': 0.04948306083679199, 'rejections': 0}", "epoch": null, "sharpe": null, "max_dd": null, "attn_entropy": null, "lr": null, "profit_factor": null, "loss": null, "val": null}
{"time": "2025-06-23 15:18:41,525", "level": "INFO", "msg": "EPOCH_METRICS", "epoch": 7, "sharpe": -3.6038443451914186, "max_dd": -0.9999993416914118, "attn_entropy": 3.1766024559729527, "lr": 6.4130826563417414e-09, "profit_factor": 0.9731475755299092, "loss": 1.3711429153169905, "val": 1.3208380043506622}
{"time": "2025-06-23 15:18:41,526", "level": "INFO", "msg": "REJECTED", "epoch": 7, "sharpe": -3.6038443451914186, "max_dd": -0.9999993416914118, "attn_entropy": 3.1766024559729527, "lr": null, "profit_factor": null, "loss": null, "val": null}
{"time": "2025-06-23 15:19:36,619", "level": "INFO", "msg": "DATALOADER", "epoch": null, "sharpe": null, "max_dd": null, "attn_entropy": null, "lr": null, "profit_factor": null, "loss": null, "val": null}
{"time": "2025-06-23 15:19:36,620", "level": "INFO", "msg": "START_EPOCH", "epoch": 8, "sharpe": null, "max_dd": null, "attn_entropy": null, "lr": null, "profit_factor": null, "loss": null, "val": null}
{"time": "2025-06-23 15:49:49,293", "level": "INFO", "msg": "REJECTED by risk filter", "epoch": 2, "sharpe": -3.6038443451914186, "max_dd": -0.9999993416914118, "attn_entropy": 3.176935164928436, "lr": 1.3190144815447442e-10, "profit_factor": null, "loss": null, "val": null}
{"time": "2025-06-23 15:49:49,294", "level": "INFO", "msg": "FEATURE_IMPORTANCE toggle_sma 0.475", "epoch": null, "sharpe": null, "max_dd": null, "attn_entropy": null, "lr": null, "profit_factor": null, "loss": null, "val": null}
{"time": "2025-06-23 15:49:49,295", "level": "INFO", "msg": "{'event': 'EPOCH_SUMMARY', 'epoch': 2, 'mean_entropy': 3.176175355911255, 'mean_max_prob': 0.05075870826840401, 'rejections': 1}", "epoch": null, "sharpe": null, "max_dd": null, "attn_entropy": null, "lr": null, "profit_factor": null, "loss": null, "val": null}
{"time": "2025-06-23 15:49:49,295", "level": "INFO", "msg": "FEATURE_IMPORTANCE toggle_rsi 0.590", "epoch": null, "sharpe": null, "max_dd": null, "attn_entropy": null, "lr": null, "profit_factor": null, "loss": null, "val": null}
{"time": "2025-06-23 15:49:49,299", "level": "INFO", "msg": "FEATURE_IMPORTANCE toggle_macd 0.385", "epoch": null, "sharpe": null, "max_dd": null, "attn_entropy": null, "lr": null, "profit_factor": null, "loss": null, "val": null}
{"time": "2025-06-23 15:49:49,299", "level": "INFO", "msg": "FEATURE_IMPORTANCE toggle_atr 0.240", "epoch": null, "sharpe": null, "max_dd": null, "attn_entropy": null, "lr": null, "profit_factor": null, "loss": null, "val": null}
{"time": "2025-06-23 15:49:49,300", "level": "INFO", "msg": "FEATURE_IMPORTANCE toggle_vortex 0.688", "epoch": null, "sharpe": null, "max_dd": null, "attn_entropy": null, "lr": null, "profit_factor": null, "loss": null, "val": null}
{"time": "2025-06-23 15:49:49,300", "level": "INFO", "msg": "FEATURE_IMPORTANCE toggle_cmf 0.424", "epoch": null, "sharpe": null, "max_dd": null, "attn_entropy": null, "lr": null, "profit_factor": null, "loss": null, "val": null}
{"time": "2025-06-23 15:49:49,301", "level": "INFO", "msg": "FEATURE_IMPORTANCE toggle_ichimoku 0.295", "epoch": null, "sharpe": null, "max_dd": null, "attn_entropy": null, "lr": null, "profit_factor": null, "loss": null, "val": null}
{"time": "2025-06-23 15:49:49,308", "level": "INFO", "msg": "FEATURE_IMPORTANCE toggle_ema 0.560", "epoch": null, "sharpe": null, "max_dd": null, "attn_entropy": null, "lr": null, "profit_factor": null, "loss": null, "val": null}
{"time": "2025-06-23 15:49:49,308", "level": "INFO", "msg": "FEATURE_IMPORTANCE toggle_donchian 0.476", "epoch": null, "sharpe": null, "max_dd": null, "attn_entropy": null, "lr": null, "profit_factor": null, "loss": null, "val": null}
{"time": "2025-06-23 15:49:49,308", "level": "INFO", "msg": "FEATURE_IMPORTANCE toggle_kijun 0.673", "epoch": null, "sharpe": null, "max_dd": null, "attn_entropy": null, "lr": null, "profit_factor": null, "loss": null, "val": null}
{"time": "2025-06-23 15:49:49,309", "level": "INFO", "msg": "FEATURE_IMPORTANCE toggle_tenkan 0.391", "epoch": null, "sharpe": null, "max_dd": null, "attn_entropy": null, "lr": null, "profit_factor": null, "loss": null, "val": null}
{"time": "2025-06-23 15:49:49,309", "level": "INFO", "msg": "FEATURE_IMPORTANCE toggle_disp 0.321", "epoch": null, "sharpe": null, "max_dd": null, "attn_entropy": null, "lr": null, "profit_factor": null, "loss": null, "val": null}
{"time": "2025-06-23 15:49:49,313", "level": "INFO", "msg": "META_MUTATION d_ema_period=2, d_long_frac=-0.03, d_short_frac=+0.03 sl=4.99 tp=8.20 atr=17 vortex=13 cmf=15, ema=27, don=23, kij=26, ten=5, disp=33, long=0.053 short=0.067", "epoch": null, "sharpe": null, "max_dd": null, "attn_entropy": null, "lr": null, "profit_factor": null, "loss": null, "val": null}
{"time": "2025-06-23 15:49:49,315", "level": "INFO", "msg": "Adjusting model dim from 13 to 16 for 8 heads", "epoch": null, "sharpe": null, "max_dd": null, "attn_entropy": null, "lr": null, "profit_factor": null, "loss": null, "val": null}
{"time": "2025-06-23 15:49:49,414", "level": "INFO", "msg": "Adjusting model dim from 13 to 16 for 8 heads", "epoch": null, "sharpe": null, "max_dd": null, "attn_entropy": null, "lr": null, "profit_factor": null, "loss": null, "val": null}
{"time": "2025-06-23 15:49:49,461", "level": "WARNING", "msg": "Input features 13 < expected 16, padding", "epoch": null, "sharpe": null, "max_dd": null, "attn_entropy": null, "lr": null, "profit_factor": null, "loss": null, "val": null}
{"time": "2025-06-23 15:49:50,182", "level": "WARNING", "msg": "Input features 13 < expected 16, padding", "epoch": null, "sharpe": null, "max_dd": null, "attn_entropy": null, "lr": null, "profit_factor": null, "loss": null, "val": null}
{"time": "2025-06-23 15:50:00,389", "level": "INFO", "msg": "EPOCH_METRICS", "epoch": 2, "sharpe": -3.6038443451914186, "max_dd": -0.9999993416914118, "attn_entropy": 3.1766414713859557, "lr": 5.276057926178983e-12, "profit_factor": 0.9731475755299092, "loss": 1.492766521235769, "val": 1.4143671763354335}
{"time": "2025-06-23 15:50:00,392", "level": "INFO", "msg": "REJECTED", "epoch": 2, "sharpe": -3.6038443451914186, "max_dd": -0.9999993416914118, "attn_entropy": 3.1766414713859557, "lr": null, "profit_factor": null, "loss": null, "val": null}
{"time": "2025-06-23 15:50:00,393", "level": "INFO", "msg": "START_EPOCH", "epoch": 3, "sharpe": null, "max_dd": null, "attn_entropy": null, "lr": null, "profit_factor": null, "loss": null, "val": null}
{"time": "2025-06-23 15:51:46,329", "level": "INFO", "msg": "{'event': 'EPOCH_SUMMARY', 'epoch': 8, 'mean_entropy': 3.1754722595214844, 'mean_max_prob': 0.04938667267560959, 'rejections': 0}", "epoch": null, "sharpe": null, "max_dd": null, "attn_entropy": null, "lr": null, "profit_factor": null, "loss": null, "val": null}
{"time": "2025-06-23 15:51:46,336", "level": "INFO", "msg": "META_MUTATION lr=-0.00, wd=-0.00, d_sma_period=-4, d_rsi_period=-3, d_macd_fast=0, d_macd_slow=2, d_macd_signal=0, d_atr_period=-1, d_vortex_period=3, d_cmf_period=1, d_ema_period=-4, d_donchian_period=-2, d_kijun_period=-2, d_tenkan_period=-2, d_displacement=-2, d_sl=+0.43, d_tp=+1.07, d_long_frac=+0.03, d_short_frac=+0.01 sl=5.42 tp=9.27 atr=16 vortex=16 cmf=16, ema=23, don=21, kij=24, ten=5, disp=31, long=0.061 short=0.059", "epoch": null, "sharpe": null, "max_dd": null, "attn_entropy": null, "lr": null, "profit_factor": null, "loss": null, "val": null}
{"time": "2025-06-23 15:51:46,338", "level": "INFO", "msg": "Adjusting model dim from 17 to 24 for 8 heads", "epoch": null, "sharpe": null, "max_dd": null, "attn_entropy": null, "lr": null, "profit_factor": null, "loss": null, "val": null}
{"time": "2025-06-23 15:51:46,535", "level": "INFO", "msg": "Adjusting model dim from 17 to 24 for 8 heads", "epoch": null, "sharpe": null, "max_dd": null, "attn_entropy": null, "lr": null, "profit_factor": null, "loss": null, "val": null}
{"time": "2025-06-23 15:51:47,215", "level": "WARNING", "msg": "Input features 17 < expected 24, padding", "epoch": null, "sharpe": null, "max_dd": null, "attn_entropy": null, "lr": null, "profit_factor": null, "loss": null, "val": null}
{"time": "2025-06-23 15:51:48,014", "level": "WARNING", "msg": "Input features 17 < expected 24, padding", "epoch": null, "sharpe": null, "max_dd": null, "attn_entropy": null, "lr": null, "profit_factor": null, "loss": null, "val": null}
{"time": "2025-06-23 15:51:53,189", "level": "INFO", "msg": "EPOCH_METRICS", "epoch": 8, "sharpe": -3.6038443451914186, "max_dd": -0.9999993416914118, "attn_entropy": 3.1757969366651024, "lr": 6.4130826563417414e-09, "profit_factor": 0.9731475755299092, "loss": 1.313338735273906, "val": 1.2988916337490082}
{"time": "2025-06-23 15:51:53,197", "level": "INFO", "msg": "REJECTED", "epoch": 8, "sharpe": -3.6038443451914186, "max_dd": -0.9999993416914118, "attn_entropy": 3.1757969366651024, "lr": null, "profit_factor": null, "loss": null, "val": null}
{"time": "2025-06-23 15:51:54,624", "level": "INFO", "msg": "FEATURE_IMPORTANCE toggle_sma 0.499", "epoch": null, "sharpe": null, "max_dd": null, "attn_entropy": null, "lr": null, "profit_factor": null, "loss": null, "val": null}
{"time": "2025-06-23 15:51:54,625", "level": "INFO", "msg": "FEATURE_IMPORTANCE toggle_rsi 0.661", "epoch": null, "sharpe": null, "max_dd": null, "attn_entropy": null, "lr": null, "profit_factor": null, "loss": null, "val": null}
{"time": "2025-06-23 15:51:54,625", "level": "INFO", "msg": "FEATURE_IMPORTANCE toggle_macd 0.330", "epoch": null, "sharpe": null, "max_dd": null, "attn_entropy": null, "lr": null, "profit_factor": null, "loss": null, "val": null}
{"time": "2025-06-23 15:51:54,626", "level": "INFO", "msg": "FEATURE_IMPORTANCE toggle_atr 0.303", "epoch": null, "sharpe": null, "max_dd": null, "attn_entropy": null, "lr": null, "profit_factor": null, "loss": null, "val": null}
{"time": "2025-06-23 15:51:54,629", "level": "INFO", "msg": "FEATURE_IMPORTANCE toggle_vortex 0.654", "epoch": null, "sharpe": null, "max_dd": null, "attn_entropy": null, "lr": null, "profit_factor": null, "loss": null, "val": null}
{"time": "2025-06-23 15:51:54,633", "level": "INFO", "msg": "FEATURE_IMPORTANCE toggle_cmf 0.365", "epoch": null, "sharpe": null, "max_dd": null, "attn_entropy": null, "lr": null, "profit_factor": null, "loss": null, "val": null}
{"time": "2025-06-23 15:51:54,634", "level": "INFO", "msg": "FEATURE_IMPORTANCE toggle_ichimoku 0.383", "epoch": null, "sharpe": null, "max_dd": null, "attn_entropy": null, "lr": null, "profit_factor": null, "loss": null, "val": null}
{"time": "2025-06-23 15:51:54,634", "level": "INFO", "msg": "FEATURE_IMPORTANCE toggle_ema 0.607", "epoch": null, "sharpe": null, "max_dd": null, "attn_entropy": null, "lr": null, "profit_factor": null, "loss": null, "val": null}
{"time": "2025-06-23 15:51:54,635", "level": "INFO", "msg": "FEATURE_IMPORTANCE toggle_donchian 0.407", "epoch": null, "sharpe": null, "max_dd": null, "attn_entropy": null, "lr": null, "profit_factor": null, "loss": null, "val": null}
{"time": "2025-06-23 15:51:54,635", "level": "INFO", "msg": "FEATURE_IMPORTANCE toggle_kijun 0.584", "epoch": null, "sharpe": null, "max_dd": null, "attn_entropy": null, "lr": null, "profit_factor": null, "loss": null, "val": null}
{"time": "2025-06-23 15:51:54,637", "level": "INFO", "msg": "FEATURE_IMPORTANCE toggle_tenkan 0.381", "epoch": null, "sharpe": null, "max_dd": null, "attn_entropy": null, "lr": null, "profit_factor": null, "loss": null, "val": null}
{"time": "2025-06-23 15:51:54,639", "level": "INFO", "msg": "FEATURE_IMPORTANCE toggle_disp 0.305", "epoch": null, "sharpe": null, "max_dd": null, "attn_entropy": null, "lr": null, "profit_factor": null, "loss": null, "val": null}
{"time": "2025-06-23 15:51:54,640", "level": "INFO", "msg": "META_MUTATION d_macd_fast=-2, d_long_frac=-0.03, d_short_frac=-0.04 sl=5.42 tp=9.27 atr=16 vortex=16 cmf=16, ema=23, don=21, kij=24, ten=5, disp=31, long=0.031 short=0.023", "epoch": null, "sharpe": null, "max_dd": null, "attn_entropy": null, "lr": null, "profit_factor": null, "loss": null, "val": null}
{"time": "2025-06-23 15:52:01,102", "level": "INFO", "msg": "META_MUTATION lr=-0.00, wd=+0.00, d_sma_period=-1, d_rsi_period=2, d_macd_fast=0, d_macd_slow=2, d_macd_signal=2, d_atr_period=-1, d_vortex_period=2, d_cmf_period=-4, d_ema_period=4, d_donchian_period=-3, d_kijun_period=1, d_tenkan_period=2, d_displacement=3, d_sl=+0.81, d_tp=+1.90, d_long_frac=-0.02, d_short_frac=+0.01 sl=6.23 tp=11.18 atr=15 vortex=18 cmf=12, ema=27, don=18, kij=25, ten=7, disp=34, long=0.015 short=0.033", "epoch": null, "sharpe": null, "max_dd": null, "attn_entropy": null, "lr": null, "profit_factor": null, "loss": null, "val": null}
{"time": "2025-06-23 15:53:57,421", "level": "INFO", "msg": "DATALOADER", "epoch": null, "sharpe": null, "max_dd": null, "attn_entropy": null, "lr": null, "profit_factor": null, "loss": null, "val": null}
{"time": "2025-06-23 15:53:57,421", "level": "INFO", "msg": "START_EPOCH", "epoch": 9, "sharpe": null, "max_dd": null, "attn_entropy": null, "lr": null, "profit_factor": null, "loss": null, "val": null}
{"time": "2025-06-23 16:24:32,429", "level": "INFO", "msg": "Trading mode: SANDBOX", "epoch": null, "sharpe": null, "max_dd": null, "attn_entropy": null, "lr": null, "profit_factor": null, "loss": null, "val": null}
{"time": "2025-06-23 16:24:35,316", "level": "INFO", "msg": "ACCOUNT_BALANCE {\"total\": {\"USDT\": 56956.29660069}}", "epoch": null, "sharpe": null, "max_dd": null, "attn_entropy": null, "lr": null, "profit_factor": null, "loss": null, "val": null}
{"time": "2025-06-23 16:26:22,467", "level": "INFO", "msg": "Adjusting model dim from 17 to 24 for 8 heads", "epoch": null, "sharpe": null, "max_dd": null, "attn_entropy": null, "lr": null, "profit_factor": null, "loss": null, "val": null}
{"time": "2025-06-23 16:26:22,490", "level": "INFO", "msg": "Adjusting model dim from 17 to 24 for 8 heads", "epoch": null, "sharpe": null, "max_dd": null, "attn_entropy": null, "lr": null, "profit_factor": null, "loss": null, "val": null}
{"time": "2025-06-23 16:28:10,383", "level": "INFO", "msg": "VALIDATION_START", "epoch": null, "sharpe": null, "max_dd": null, "attn_entropy": null, "lr": null, "profit_factor": null, "loss": null, "val": null}
{"time": "2025-06-23 16:28:10,397", "level": "INFO", "msg": "feature-ingest thread started", "epoch": null, "sharpe": null, "max_dd": null, "attn_entropy": null, "lr": null, "profit_factor": null, "loss": null, "val": null}
{"time": "2025-06-23 16:28:11,784", "level": "INFO", "msg": "Tkinter dashboard starting on main thread\u2026", "epoch": null, "sharpe": null, "max_dd": null, "attn_entropy": null, "lr": null, "profit_factor": null, "loss": null, "val": null}
{"time": "2025-06-23 16:34:34,883", "level": "INFO", "msg": "Adjusting model dim from 17 to 24 for 8 heads", "epoch": null, "sharpe": null, "max_dd": null, "attn_entropy": null, "lr": null, "profit_factor": null, "loss": null, "val": null}
{"time": "2025-06-23 16:34:34,916", "level": "INFO", "msg": "Skipping torch.compile on Python 3.12+", "epoch": null, "sharpe": null, "max_dd": null, "attn_entropy": null, "lr": null, "profit_factor": null, "loss": null, "val": null}
{"time": "2025-06-23 16:35:11,486", "level": "INFO", "msg": "DATALOADER", "epoch": null, "sharpe": null, "max_dd": null, "attn_entropy": null, "lr": null, "profit_factor": null, "loss": null, "val": null}
{"time": "2025-06-23 16:35:11,489", "level": "INFO", "msg": "START_EPOCH", "epoch": 1, "sharpe": null, "max_dd": null, "attn_entropy": null, "lr": null, "profit_factor": null, "loss": null, "val": null}
{"time": "2025-06-23 16:35:11,523", "level": "INFO", "msg": "Adjusting model dim from 13 to 16 for 8 heads", "epoch": null, "sharpe": null, "max_dd": null, "attn_entropy": null, "lr": null, "profit_factor": null, "loss": null, "val": null}
{"time": "2025-06-23 16:35:11,554", "level": "WARNING", "msg": "Input features 13 < expected 16, padding", "epoch": null, "sharpe": null, "max_dd": null, "attn_entropy": null, "lr": null, "profit_factor": null, "loss": null, "val": null}
{"time": "2025-06-23 16:36:39,397", "level": "INFO", "msg": "NEW_BEST", "epoch": 1, "sharpe": 0.0, "max_dd": 0.0, "attn_entropy": 3.1744979952059675, "lr": 1e-05, "profit_factor": null, "loss": null, "val": null}
{"time": "2025-06-23 16:36:39,444", "level": "INFO", "msg": "{'event': 'EPOCH_SUMMARY', 'epoch': 1, 'mean_entropy': 3.1744062900543213, 'mean_max_prob': 0.056298401206731796, 'rejections': 0}", "epoch": null, "sharpe": null, "max_dd": null, "attn_entropy": null, "lr": null, "profit_factor": null, "loss": null, "val": null}
{"time": "2025-06-23 16:36:44,544", "level": "INFO", "msg": "EPOCH_METRICS", "epoch": 1, "sharpe": 0.0, "max_dd": 0.0, "attn_entropy": 3.174443267640347, "lr": 3.078279675044039e-09, "profit_factor": 0.0, "loss": 1.82321931208883, "val": 1.656727284193039}
{"time": "2025-06-23 16:36:45,299", "level": "INFO", "msg": "META_MUTATION lr=+0.00, wd=-0.00, d_sma_period=-3, d_rsi_period=1, d_macd_fast=-2, d_macd_slow=0, d_macd_signal=-2, d_atr_period=2, d_vortex_period=2, d_cmf_period=0, d_ema_period=-1, d_donchian_period=0, d_kijun_period=-2, d_tenkan_period=1, d_displacement=1, d_sl=-1.67, d_tp=+0.97, d_long_frac=+0.03, d_short_frac=+0.03 sl=3.33 tp=5.97 atr=16 vortex=16 cmf=20, ema=19, don=20, kij=24, ten=10, disp=27, long=0.062 short=0.058", "epoch": null, "sharpe": null, "max_dd": null, "attn_entropy": null, "lr": null, "profit_factor": null, "loss": null, "val": null}
{"time": "2025-06-23 16:36:52,114", "level": "INFO", "msg": "FEATURE_IMPORTANCE toggle_sma 0.468", "epoch": null, "sharpe": null, "max_dd": null, "attn_entropy": null, "lr": null, "profit_factor": null, "loss": null, "val": null}
{"time": "2025-06-23 16:36:52,114", "level": "INFO", "msg": "FEATURE_IMPORTANCE toggle_rsi 0.228", "epoch": null, "sharpe": null, "max_dd": null, "attn_entropy": null, "lr": null, "profit_factor": null, "loss": null, "val": null}
{"time": "2025-06-23 16:36:52,115", "level": "INFO", "msg": "FEATURE_IMPORTANCE toggle_macd 0.582", "epoch": null, "sharpe": null, "max_dd": null, "attn_entropy": null, "lr": null, "profit_factor": null, "loss": null, "val": null}
{"time": "2025-06-23 16:36:52,115", "level": "INFO", "msg": "FEATURE_IMPORTANCE toggle_atr 0.438", "epoch": null, "sharpe": null, "max_dd": null, "attn_entropy": null, "lr": null, "profit_factor": null, "loss": null, "val": null}
{"time": "2025-06-23 16:36:52,116", "level": "INFO", "msg": "FEATURE_IMPORTANCE toggle_vortex 0.279", "epoch": null, "sharpe": null, "max_dd": null, "attn_entropy": null, "lr": null, "profit_factor": null, "loss": null, "val": null}
{"time": "2025-06-23 16:36:52,116", "level": "INFO", "msg": "FEATURE_IMPORTANCE toggle_cmf 0.668", "epoch": null, "sharpe": null, "max_dd": null, "attn_entropy": null, "lr": null, "profit_factor": null, "loss": null, "val": null}
{"time": "2025-06-23 16:36:52,117", "level": "INFO", "msg": "FEATURE_IMPORTANCE toggle_ichimoku 0.677", "epoch": null, "sharpe": null, "max_dd": null, "attn_entropy": null, "lr": null, "profit_factor": null, "loss": null, "val": null}
{"time": "2025-06-23 16:36:52,117", "level": "INFO", "msg": "FEATURE_IMPORTANCE toggle_ema 0.652", "epoch": null, "sharpe": null, "max_dd": null, "attn_entropy": null, "lr": null, "profit_factor": null, "loss": null, "val": null}
{"time": "2025-06-23 16:36:52,118", "level": "INFO", "msg": "FEATURE_IMPORTANCE toggle_donchian 0.535", "epoch": null, "sharpe": null, "max_dd": null, "attn_entropy": null, "lr": null, "profit_factor": null, "loss": null, "val": null}
{"time": "2025-06-23 16:36:52,120", "level": "INFO", "msg": "FEATURE_IMPORTANCE toggle_kijun 0.518", "epoch": null, "sharpe": null, "max_dd": null, "attn_entropy": null, "lr": null, "profit_factor": null, "loss": null, "val": null}
{"time": "2025-06-23 16:36:52,120", "level": "INFO", "msg": "FEATURE_IMPORTANCE toggle_tenkan 0.750", "epoch": null, "sharpe": null, "max_dd": null, "attn_entropy": null, "lr": null, "profit_factor": null, "loss": null, "val": null}
{"time": "2025-06-23 16:36:52,121", "level": "INFO", "msg": "FEATURE_IMPORTANCE toggle_disp 0.663", "epoch": null, "sharpe": null, "max_dd": null, "attn_entropy": null, "lr": null, "profit_factor": null, "loss": null, "val": null}
{"time": "2025-06-23 16:36:52,124", "level": "INFO", "msg": "META_MUTATION d_macd_slow=-2, d_long_frac=-0.04, d_short_frac=+0.01 sl=3.33 tp=5.97 atr=16 vortex=16 cmf=20, ema=19, don=20, kij=24, ten=10, disp=27, long=0.025 short=0.068", "epoch": null, "sharpe": null, "max_dd": null, "attn_entropy": null, "lr": null, "profit_factor": null, "loss": null, "val": null}
{"time": "2025-06-23 16:36:58,727", "level": "INFO", "msg": "FEATURE_IMPORTANCE toggle_sma 0.451", "epoch": null, "sharpe": null, "max_dd": null, "attn_entropy": null, "lr": null, "profit_factor": null, "loss": null, "val": null}
{"time": "2025-06-23 16:36:58,730", "level": "INFO", "msg": "FEATURE_IMPORTANCE toggle_rsi 0.274", "epoch": null, "sharpe": null, "max_dd": null, "attn_entropy": null, "lr": null, "profit_factor": null, "loss": null, "val": null}
{"time": "2025-06-23 16:36:58,730", "level": "INFO", "msg": "FEATURE_IMPORTANCE toggle_macd 0.528", "epoch": null, "sharpe": null, "max_dd": null, "attn_entropy": null, "lr": null, "profit_factor": null, "loss": null, "val": null}
{"time": "2025-06-23 16:36:58,730", "level": "INFO", "msg": "FEATURE_IMPORTANCE toggle_atr 0.458", "epoch": null, "sharpe": null, "max_dd": null, "attn_entropy": null, "lr": null, "profit_factor": null, "loss": null, "val": null}
{"time": "2025-06-23 16:36:58,731", "level": "INFO", "msg": "FEATURE_IMPORTANCE toggle_vortex 0.269", "epoch": null, "sharpe": null, "max_dd": null, "attn_entropy": null, "lr": null, "profit_factor": null, "loss": null, "val": null}
{"time": "2025-06-23 16:36:58,733", "level": "INFO", "msg": "FEATURE_IMPORTANCE toggle_cmf 0.679", "epoch": null, "sharpe": null, "max_dd": null, "attn_entropy": null, "lr": null, "profit_factor": null, "loss": null, "val": null}
{"time": "2025-06-23 16:36:58,733", "level": "INFO", "msg": "FEATURE_IMPORTANCE toggle_ichimoku 0.691", "epoch": null, "sharpe": null, "max_dd": null, "attn_entropy": null, "lr": null, "profit_factor": null, "loss": null, "val": null}
{"time": "2025-06-23 16:36:58,734", "level": "INFO", "msg": "FEATURE_IMPORTANCE toggle_ema 0.744", "epoch": null, "sharpe": null, "max_dd": null, "attn_entropy": null, "lr": null, "profit_factor": null, "loss": null, "val": null}
{"time": "2025-06-23 16:36:58,734", "level": "INFO", "msg": "FEATURE_IMPORTANCE toggle_donchian 0.581", "epoch": null, "sharpe": null, "max_dd": null, "attn_entropy": null, "lr": null, "profit_factor": null, "loss": null, "val": null}
{"time": "2025-06-23 16:36:58,734", "level": "INFO", "msg": "FEATURE_IMPORTANCE toggle_kijun 0.507", "epoch": null, "sharpe": null, "max_dd": null, "attn_entropy": null, "lr": null, "profit_factor": null, "loss": null, "val": null}
{"time": "2025-06-23 16:36:58,734", "level": "INFO", "msg": "FEATURE_IMPORTANCE toggle_tenkan 0.734", "epoch": null, "sharpe": null, "max_dd": null, "attn_entropy": null, "lr": null, "profit_factor": null, "loss": null, "val": null}
{"time": "2025-06-23 16:36:58,735", "level": "INFO", "msg": "FEATURE_IMPORTANCE toggle_disp 0.665", "epoch": null, "sharpe": null, "max_dd": null, "attn_entropy": null, "lr": null, "profit_factor": null, "loss": null, "val": null}
{"time": "2025-06-23 16:36:58,735", "level": "INFO", "msg": "META_MUTATION d_donchian_period=2, d_long_frac=-0.04, d_short_frac=-0.03 sl=3.33 tp=5.97 atr=16 vortex=16 cmf=20, ema=19, don=22, kij=24, ten=10, disp=27, long=0.000 short=0.037", "epoch": null, "sharpe": null, "max_dd": null, "attn_entropy": null, "lr": null, "profit_factor": null, "loss": null, "val": null}
{"time": "2025-06-23 16:37:05,799", "level": "INFO", "msg": "META_MUTATION lr=+0.00, wd=+0.00, d_sma_period=4, d_rsi_period=-4, d_macd_fast=-1, d_macd_slow=-2, d_macd_signal=-2, d_atr_period=2, d_vortex_period=2, d_cmf_period=0, d_ema_period=2, d_donchian_period=4, d_kijun_period=4, d_tenkan_period=3, d_displacement=-3, d_sl=-0.48, d_tp=+0.61, d_long_frac=-0.02, d_short_frac=-0.01 sl=2.85 tp=6.58 atr=18 vortex=18 cmf=20, ema=21, don=26, kij=28, ten=13, disp=24, long=0.000 short=0.027", "epoch": null, "sharpe": null, "max_dd": null, "attn_entropy": null, "lr": null, "profit_factor": null, "loss": null, "val": null}
{"time": "2025-06-23 16:37:12,233", "level": "INFO", "msg": "META_MUTATION lr=-0.00, wd=-0.00, d_sma_period=-4, d_rsi_period=-4, d_macd_fast=-1, d_macd_slow=0, d_macd_signal=0, d_atr_period=-4, d_vortex_period=4, d_cmf_period=-1, d_ema_period=4, d_donchian_period=-4, d_kijun_period=2, d_tenkan_period=0, d_displacement=-2, d_sl=+0.40, d_tp=+0.77, d_long_frac=-0.04, d_short_frac=+0.03 sl=3.25 tp=7.35 atr=14 vortex=22 cmf=19, ema=25, don=22, kij=30, ten=13, disp=22, long=0.000 short=0.061", "epoch": null, "sharpe": null, "max_dd": null, "attn_entropy": null, "lr": null, "profit_factor": null, "loss": null, "val": null}
{"time": "2025-06-23 16:37:16,014", "level": "INFO", "msg": "DATALOADER", "epoch": null, "sharpe": null, "max_dd": null, "attn_entropy": null, "lr": null, "profit_factor": null, "loss": null, "val": null}
{"time": "2025-06-23 16:37:19,525", "level": "INFO", "msg": "META_MUTATION lr=+0.00, wd=-0.00, d_sma_period=-3, d_rsi_period=4, d_macd_fast=2, d_macd_slow=1, d_macd_signal=2, d_atr_period=2, d_vortex_period=-1, d_cmf_period=1, d_ema_period=0, d_donchian_period=-2, d_kijun_period=2, d_tenkan_period=4, d_displacement=1, d_sl=-1.32, d_tp=+0.70, d_long_frac=-0.01, d_short_frac=-0.02 sl=1.93 tp=8.04 atr=16 vortex=21 cmf=20, ema=25, don=20, kij=32, ten=17, disp=23, long=0.000 short=0.044", "epoch": null, "sharpe": null, "max_dd": null, "attn_entropy": null, "lr": null, "profit_factor": null, "loss": null, "val": null}
{"time": "2025-06-23 16:38:47,770", "level": "INFO", "msg": "NEW_BEST", "epoch": 1, "sharpe": 0.0, "max_dd": 0.0, "attn_entropy": 3.117318884169498, "lr": 1e-05, "profit_factor": null, "loss": null, "val": null}
{"time": "2025-06-23 16:38:47,771", "level": "INFO", "msg": "FEATURE_IMPORTANCE toggle_sma 0.430", "epoch": null, "sharpe": null, "max_dd": null, "attn_entropy": null, "lr": null, "profit_factor": null, "loss": null, "val": null}
{"time": "2025-06-23 16:38:47,771", "level": "INFO", "msg": "FEATURE_IMPORTANCE toggle_rsi 0.252", "epoch": null, "sharpe": null, "max_dd": null, "attn_entropy": null, "lr": null, "profit_factor": null, "loss": null, "val": null}
{"time": "2025-06-23 16:38:47,771", "level": "INFO", "msg": "{'event': 'EPOCH_SUMMARY', 'epoch': 1, 'mean_entropy': 3.175372838973999, 'mean_max_prob': 0.05668911337852478, 'rejections': 0}", "epoch": null, "sharpe": null, "max_dd": null, "attn_entropy": null, "lr": null, "profit_factor": null, "loss": null, "val": null}
{"time": "2025-06-23 16:38:47,771", "level": "INFO", "msg": "FEATURE_IMPORTANCE toggle_macd 0.478", "epoch": null, "sharpe": null, "max_dd": null, "attn_entropy": null, "lr": null, "profit_factor": null, "loss": null, "val": null}
{"time": "2025-06-23 16:38:47,772", "level": "INFO", "msg": "EPOCH", "epoch": 1, "sharpe": 0.0, "max_dd": null, "attn_entropy": null, "lr": 3.078279675044039e-09, "profit_factor": null, "loss": 1.82321931208883, "val": null}
{"time": "2025-06-23 16:38:47,772", "level": "INFO", "msg": "FEATURE_IMPORTANCE toggle_atr 0.483", "epoch": null, "sharpe": null, "max_dd": null, "attn_entropy": null, "lr": null, "profit_factor": null, "loss": null, "val": null}
{"time": "2025-06-23 16:38:47,773", "level": "INFO", "msg": "FEATURE_IMPORTANCE toggle_vortex 0.244", "epoch": null, "sharpe": null, "max_dd": null, "attn_entropy": null, "lr": null, "profit_factor": null, "loss": null, "val": null}
{"time": "2025-06-23 16:38:47,773", "level": "INFO", "msg": "FEATURE_IMPORTANCE toggle_cmf 0.723", "epoch": null, "sharpe": null, "max_dd": null, "attn_entropy": null, "lr": null, "profit_factor": null, "loss": null, "val": null}
{"time": "2025-06-23 16:38:47,773", "level": "INFO", "msg": "FEATURE_IMPORTANCE toggle_ichimoku 0.704", "epoch": null, "sharpe": null, "max_dd": null, "attn_entropy": null, "lr": null, "profit_factor": null, "loss": null, "val": null}
{"time": "2025-06-23 16:38:47,773", "level": "INFO", "msg": "FEATURE_IMPORTANCE toggle_ema 0.727", "epoch": null, "sharpe": null, "max_dd": null, "attn_entropy": null, "lr": null, "profit_factor": null, "loss": null, "val": null}
{"time": "2025-06-23 16:38:47,773", "level": "INFO", "msg": "FEATURE_IMPORTANCE toggle_donchian 0.450", "epoch": null, "sharpe": null, "max_dd": null, "attn_entropy": null, "lr": null, "profit_factor": null, "loss": null, "val": null}
{"time": "2025-06-23 16:38:47,774", "level": "INFO", "msg": "FEATURE_IMPORTANCE toggle_kijun 0.606", "epoch": null, "sharpe": null, "max_dd": null, "attn_entropy": null, "lr": null, "profit_factor": null, "loss": null, "val": null}
{"time": "2025-06-23 16:38:47,774", "level": "INFO", "msg": "FEATURE_IMPORTANCE toggle_tenkan 0.687", "epoch": null, "sharpe": null, "max_dd": null, "attn_entropy": null, "lr": null, "profit_factor": null, "loss": null, "val": null}
{"time": "2025-06-23 16:38:47,774", "level": "INFO", "msg": "FEATURE_IMPORTANCE toggle_disp 0.674", "epoch": null, "sharpe": null, "max_dd": null, "attn_entropy": null, "lr": null, "profit_factor": null, "loss": null, "val": null}
{"time": "2025-06-23 16:38:47,775", "level": "INFO", "msg": "META_MUTATION d_macd_slow=-1, d_long_frac=+0.04, d_short_frac=-0.04 sl=1.93 tp=8.04 atr=16 vortex=21 cmf=20, ema=25, don=20, kij=32, ten=17, disp=23, long=0.037 short=0.009", "epoch": null, "sharpe": null, "max_dd": null, "attn_entropy": null, "lr": null, "profit_factor": null, "loss": null, "val": null}
{"time": "2025-06-23 16:39:25,121", "level": "INFO", "msg": "DATALOADER", "epoch": null, "sharpe": null, "max_dd": null, "attn_entropy": null, "lr": null, "profit_factor": null, "loss": null, "val": null}
{"time": "2025-06-23 16:39:25,122", "level": "INFO", "msg": "START_EPOCH", "epoch": 2, "sharpe": null, "max_dd": null, "attn_entropy": null, "lr": null, "profit_factor": null, "loss": null, "val": null}
{"time": "2025-06-23 16:40:51,605", "level": "INFO", "msg": "NEW_BEST", "epoch": 2, "sharpe": 0.0, "max_dd": 0.0, "attn_entropy": 3.122552687695696, "lr": 1e-05, "profit_factor": null, "loss": null, "val": null}
{"time": "2025-06-23 16:40:51,606", "level": "INFO", "msg": "{'event': 'EPOCH_SUMMARY', 'epoch': 2, 'mean_entropy': 3.174704074859619, 'mean_max_prob': 0.05760044604539871, 'rejections': 0}", "epoch": null, "sharpe": null, "max_dd": null, "attn_entropy": null, "lr": null, "profit_factor": null, "loss": null, "val": null}
{"time": "2025-06-23 16:40:56,612", "level": "INFO", "msg": "EPOCH_METRICS", "epoch": 2, "sharpe": 0.0, "max_dd": 0.0, "attn_entropy": 3.122605499795153, "lr": 6.413082656341742e-08, "profit_factor": 0.0, "loss": 1.5585379813398634, "val": 1.4803096950054169}
{"time": "2025-06-23 16:40:56,634", "level": "INFO", "msg": "EPOCH", "epoch": 2, "sharpe": 0.0, "max_dd": null, "attn_entropy": null, "lr": 6.413082656341742e-08, "profit_factor": null, "loss": 1.5585379813398634, "val": null}
{"time": "2025-06-23 16:40:56,819", "level": "INFO", "msg": "FEATURE_IMPORTANCE toggle_sma 0.554", "epoch": null, "sharpe": null, "max_dd": null, "attn_entropy": null, "lr": null, "profit_factor": null, "loss": null, "val": null}
{"time": "2025-06-23 16:40:56,819", "level": "INFO", "msg": "FEATURE_IMPORTANCE toggle_rsi 0.262", "epoch": null, "sharpe": null, "max_dd": null, "attn_entropy": null, "lr": null, "profit_factor": null, "loss": null, "val": null}
{"time": "2025-06-23 16:40:56,819", "level": "INFO", "msg": "FEATURE_IMPORTANCE toggle_macd 0.587", "epoch": null, "sharpe": null, "max_dd": null, "attn_entropy": null, "lr": null, "profit_factor": null, "loss": null, "val": null}
{"time": "2025-06-23 16:40:56,819", "level": "INFO", "msg": "FEATURE_IMPORTANCE toggle_atr 0.493", "epoch": null, "sharpe": null, "max_dd": null, "attn_entropy": null, "lr": null, "profit_factor": null, "loss": null, "val": null}
{"time": "2025-06-23 16:40:56,820", "level": "INFO", "msg": "FEATURE_IMPORTANCE toggle_vortex 0.384", "epoch": null, "sharpe": null, "max_dd": null, "attn_entropy": null, "lr": null, "profit_factor": null, "loss": null, "val": null}
{"time": "2025-06-23 16:40:56,820", "level": "INFO", "msg": "FEATURE_IMPORTANCE toggle_cmf 0.663", "epoch": null, "sharpe": null, "max_dd": null, "attn_entropy": null, "lr": null, "profit_factor": null, "loss": null, "val": null}
{"time": "2025-06-23 16:40:56,820", "level": "INFO", "msg": "FEATURE_IMPORTANCE toggle_ichimoku 0.670", "epoch": null, "sharpe": null, "max_dd": null, "attn_entropy": null, "lr": null, "profit_factor": null, "loss": null, "val": null}
{"time": "2025-06-23 16:40:56,820", "level": "INFO", "msg": "FEATURE_IMPORTANCE toggle_ema 0.614", "epoch": null, "sharpe": null, "max_dd": null, "attn_entropy": null, "lr": null, "profit_factor": null, "loss": null, "val": null}
{"time": "2025-06-23 16:40:56,820", "level": "INFO", "msg": "FEATURE_IMPORTANCE toggle_donchian 0.525", "epoch": null, "sharpe": null, "max_dd": null, "attn_entropy": null, "lr": null, "profit_factor": null, "loss": null, "val": null}
{"time": "2025-06-23 16:40:56,820", "level": "INFO", "msg": "FEATURE_IMPORTANCE toggle_kijun 0.551", "epoch": null, "sharpe": null, "max_dd": null, "attn_entropy": null, "lr": null, "profit_factor": null, "loss": null, "val": null}
{"time": "2025-06-23 16:40:56,821", "level": "INFO", "msg": "FEATURE_IMPORTANCE toggle_tenkan 0.739", "epoch": null, "sharpe": null, "max_dd": null, "attn_entropy": null, "lr": null, "profit_factor": null, "loss": null, "val": null}
{"time": "2025-06-23 16:40:56,821", "level": "INFO", "msg": "FEATURE_IMPORTANCE toggle_disp 0.641", "epoch": null, "sharpe": null, "max_dd": null, "attn_entropy": null, "lr": null, "profit_factor": null, "loss": null, "val": null}
{"time": "2025-06-23 16:40:56,821", "level": "INFO", "msg": "META_MUTATION d_ema_period=-3, d_long_frac=-0.04, d_short_frac=-0.02 sl=1.93 tp=8.04 atr=16 vortex=21 cmf=20, ema=22, don=20, kij=32, ten=17, disp=23, long=0.000 short=0.000", "epoch": null, "sharpe": null, "max_dd": null, "attn_entropy": null, "lr": null, "profit_factor": null, "loss": null, "val": null}
{"time": "2025-06-23 16:41:32,618", "level": "INFO", "msg": "DATALOADER", "epoch": null, "sharpe": null, "max_dd": null, "attn_entropy": null, "lr": null, "profit_factor": null, "loss": null, "val": null}
{"time": "2025-06-23 16:41:32,622", "level": "INFO", "msg": "START_EPOCH", "epoch": 3, "sharpe": null, "max_dd": null, "attn_entropy": null, "lr": null, "profit_factor": null, "loss": null, "val": null}
{"time": "2025-06-23 16:43:00,088", "level": "INFO", "msg": "{'event': 'EPOCH_SUMMARY', 'epoch': 3, 'mean_entropy': 3.174947738647461, 'mean_max_prob': 0.05730617046356201, 'rejections': 0}", "epoch": null, "sharpe": null, "max_dd": null, "attn_entropy": null, "lr": null, "profit_factor": null, "loss": null, "val": null}
{"time": "2025-06-23 16:43:05,371", "level": "INFO", "msg": "EPOCH_METRICS", "epoch": 3, "sharpe": 0.0, "max_dd": 0.0, "attn_entropy": 3.1249625388211006, "lr": 6.413082656341742e-08, "profit_factor": 0.0, "loss": 1.4289155645029885, "val": 1.3478710651397705}
{"time": "2025-06-23 16:43:05,394", "level": "INFO", "msg": "EPOCH", "epoch": 3, "sharpe": 0.0, "max_dd": null, "attn_entropy": null, "lr": 6.413082656341742e-08, "profit_factor": null, "loss": 1.4289155645029885, "val": null}
{"time": "2025-06-23 16:43:06,538", "level": "INFO", "msg": "FEATURE_IMPORTANCE toggle_sma 0.487", "epoch": null, "sharpe": null, "max_dd": null, "attn_entropy": null, "lr": null, "profit_factor": null, "loss": null, "val": null}
{"time": "2025-06-23 16:43:06,540", "level": "INFO", "msg": "FEATURE_IMPORTANCE toggle_rsi 0.177", "epoch": null, "sharpe": null, "max_dd": null, "attn_entropy": null, "lr": null, "profit_factor": null, "loss": null, "val": null}
{"time": "2025-06-23 16:43:06,541", "level": "INFO", "msg": "FEATURE_IMPORTANCE toggle_macd 0.514", "epoch": null, "sharpe": null, "max_dd": null, "attn_entropy": null, "lr": null, "profit_factor": null, "loss": null, "val": null}
{"time": "2025-06-23 16:43:06,542", "level": "INFO", "msg": "FEATURE_IMPORTANCE toggle_atr 0.542", "epoch": null, "sharpe": null, "max_dd": null, "attn_entropy": null, "lr": null, "profit_factor": null, "loss": null, "val": null}
{"time": "2025-06-23 16:43:06,544", "level": "INFO", "msg": "FEATURE_IMPORTANCE toggle_vortex 0.303", "epoch": null, "sharpe": null, "max_dd": null, "attn_entropy": null, "lr": null, "profit_factor": null, "loss": null, "val": null}
{"time": "2025-06-23 16:43:06,546", "level": "INFO", "msg": "FEATURE_IMPORTANCE toggle_cmf 0.679", "epoch": null, "sharpe": null, "max_dd": null, "attn_entropy": null, "lr": null, "profit_factor": null, "loss": null, "val": null}
{"time": "2025-06-23 16:43:06,550", "level": "INFO", "msg": "FEATURE_IMPORTANCE toggle_ichimoku 0.617", "epoch": null, "sharpe": null, "max_dd": null, "attn_entropy": null, "lr": null, "profit_factor": null, "loss": null, "val": null}
{"time": "2025-06-23 16:43:06,553", "level": "INFO", "msg": "FEATURE_IMPORTANCE toggle_ema 0.742", "epoch": null, "sharpe": null, "max_dd": null, "attn_entropy": null, "lr": null, "profit_factor": null, "loss": null, "val": null}
{"time": "2025-06-23 16:43:06,557", "level": "INFO", "msg": "FEATURE_IMPORTANCE toggle_donchian 0.498", "epoch": null, "sharpe": null, "max_dd": null, "attn_entropy": null, "lr": null, "profit_factor": null, "loss": null, "val": null}
{"time": "2025-06-23 16:43:06,557", "level": "INFO", "msg": "FEATURE_IMPORTANCE toggle_kijun 0.515", "epoch": null, "sharpe": null, "max_dd": null, "attn_entropy": null, "lr": null, "profit_factor": null, "loss": null, "val": null}
{"time": "2025-06-23 16:43:06,557", "level": "INFO", "msg": "FEATURE_IMPORTANCE toggle_tenkan 0.723", "epoch": null, "sharpe": null, "max_dd": null, "attn_entropy": null, "lr": null, "profit_factor": null, "loss": null, "val": null}
{"time": "2025-06-23 16:43:06,558", "level": "INFO", "msg": "FEATURE_IMPORTANCE toggle_disp 0.683", "epoch": null, "sharpe": null, "max_dd": null, "attn_entropy": null, "lr": null, "profit_factor": null, "loss": null, "val": null}
{"time": "2025-06-23 16:43:06,559", "level": "INFO", "msg": "META_MUTATION lr=-0.00, d_long_frac=-0.01, d_short_frac=-0.03 sl=1.93 tp=8.04 atr=16 vortex=21 cmf=20, ema=22, don=20, kij=32, ten=17, disp=23, long=0.000 short=0.000", "epoch": null, "sharpe": null, "max_dd": null, "attn_entropy": null, "lr": null, "profit_factor": null, "loss": null, "val": null}
{"time": "2025-06-23 16:43:41,697", "level": "INFO", "msg": "DATALOADER", "epoch": null, "sharpe": null, "max_dd": null, "attn_entropy": null, "lr": null, "profit_factor": null, "loss": null, "val": null}
{"time": "2025-06-23 16:43:41,702", "level": "INFO", "msg": "START_EPOCH", "epoch": 4, "sharpe": null, "max_dd": null, "attn_entropy": null, "lr": null, "profit_factor": null, "loss": null, "val": null}
{"time": "2025-06-23 16:44:21,605", "level": "INFO", "msg": "DATALOADER", "epoch": null, "sharpe": null, "max_dd": null, "attn_entropy": null, "lr": null, "profit_factor": null, "loss": null, "val": null}
{"time": "2025-06-23 16:44:21,606", "level": "INFO", "msg": "START_EPOCH", "epoch": 1, "sharpe": null, "max_dd": null, "attn_entropy": null, "lr": null, "profit_factor": null, "loss": null, "val": null}
{"time": "2025-06-23 16:44:21,802", "level": "INFO", "msg": "Adjusting model dim from 13 to 16 for 8 heads", "epoch": null, "sharpe": null, "max_dd": null, "attn_entropy": null, "lr": null, "profit_factor": null, "loss": null, "val": null}
{"time": "2025-06-23 16:44:21,835", "level": "INFO", "msg": "Adjusting model dim from 13 to 16 for 8 heads", "epoch": null, "sharpe": null, "max_dd": null, "attn_entropy": null, "lr": null, "profit_factor": null, "loss": null, "val": null}
{"time": "2025-06-23 16:44:21,919", "level": "WARNING", "msg": "Input features 13 < expected 16, padding", "epoch": null, "sharpe": null, "max_dd": null, "attn_entropy": null, "lr": null, "profit_factor": null, "loss": null, "val": null}
{"time": "2025-06-23 16:44:22,430", "level": "WARNING", "msg": "Input features 13 < expected 16, padding", "epoch": null, "sharpe": null, "max_dd": null, "attn_entropy": null, "lr": null, "profit_factor": null, "loss": null, "val": null}
{"time": "2025-06-23 16:45:13,323", "level": "INFO", "msg": "NEW_BEST", "epoch": 4, "sharpe": 0.0, "max_dd": 0.0, "attn_entropy": 3.1761848642139126, "lr": 1e-05, "profit_factor": null, "loss": null, "val": null}
{"time": "2025-06-23 16:45:13,326", "level": "INFO", "msg": "{'event': 'EPOCH_SUMMARY', 'epoch': 4, 'mean_entropy': 3.1749579906463623, 'mean_max_prob': 0.056750643998384476, 'rejections': 0}", "epoch": null, "sharpe": null, "max_dd": null, "attn_entropy": null, "lr": null, "profit_factor": null, "loss": null, "val": null}
{"time": "2025-06-23 16:45:19,155", "level": "INFO", "msg": "EPOCH_METRICS", "epoch": 4, "sharpe": 0.0, "max_dd": 0.0, "attn_entropy": 3.17611876002319, "lr": 6.413082656341742e-08, "profit_factor": 0.0, "loss": 1.3599260364259993, "val": 1.1262452155351639}
{"time": "2025-06-23 16:45:19,344", "level": "INFO", "msg": "EPOCH", "epoch": 4, "sharpe": 0.0, "max_dd": null, "attn_entropy": null, "lr": 6.413082656341742e-08, "profit_factor": null, "loss": 1.3599260364259993, "val": null}
{"time": "2025-06-23 16:45:19,589", "level": "INFO", "msg": "META_MUTATION lr=-0.00, wd=+0.00, d_sma_period=-1, d_rsi_period=-3, d_macd_fast=-2, d_macd_slow=0, d_macd_signal=2, d_atr_period=3, d_vortex_period=-2, d_cmf_period=0, d_ema_period=2, d_donchian_period=3, d_kijun_period=-4, d_tenkan_period=3, d_displacement=-4, d_sl=+0.97, d_tp=+1.74, d_long_frac=-0.04, d_short_frac=-0.03 sl=2.90 tp=9.78 atr=19 vortex=19 cmf=20, ema=24, don=23, kij=28, ten=20, disp=19, long=0.000 short=0.000", "epoch": null, "sharpe": null, "max_dd": null, "attn_entropy": null, "lr": null, "profit_factor": null, "loss": null, "val": null}
{"time": "2025-06-23 16:45:19,590", "level": "INFO", "msg": "Adjusting model dim from 17 to 24 for 8 heads", "epoch": null, "sharpe": null, "max_dd": null, "attn_entropy": null, "lr": null, "profit_factor": null, "loss": null, "val": null}
{"time": "2025-06-23 16:45:19,816", "level": "INFO", "msg": "Adjusting model dim from 17 to 24 for 8 heads", "epoch": null, "sharpe": null, "max_dd": null, "attn_entropy": null, "lr": null, "profit_factor": null, "loss": null, "val": null}
{"time": "2025-06-23 16:45:20,767", "level": "WARNING", "msg": "Input features 17 < expected 24, padding", "epoch": null, "sharpe": null, "max_dd": null, "attn_entropy": null, "lr": null, "profit_factor": null, "loss": null, "val": null}
{"time": "2025-06-23 16:45:21,455", "level": "WARNING", "msg": "Input features 17 < expected 24, padding", "epoch": null, "sharpe": null, "max_dd": null, "attn_entropy": null, "lr": null, "profit_factor": null, "loss": null, "val": null}
{"time": "2025-06-23 16:45:27,028", "level": "INFO", "msg": "FEATURE_IMPORTANCE toggle_sma 0.512", "epoch": null, "sharpe": null, "max_dd": null, "attn_entropy": null, "lr": null, "profit_factor": null, "loss": null, "val": null}
{"time": "2025-06-23 16:45:27,028", "level": "INFO", "msg": "FEATURE_IMPORTANCE toggle_rsi 0.289", "epoch": null, "sharpe": null, "max_dd": null, "attn_entropy": null, "lr": null, "profit_factor": null, "loss": null, "val": null}
{"time": "2025-06-23 16:45:27,028", "level": "INFO", "msg": "FEATURE_IMPORTANCE toggle_macd 0.525", "epoch": null, "sharpe": null, "max_dd": null, "attn_entropy": null, "lr": null, "profit_factor": null, "loss": null, "val": null}
{"time": "2025-06-23 16:45:27,028", "level": "INFO", "msg": "FEATURE_IMPORTANCE toggle_atr 0.426", "epoch": null, "sharpe": null, "max_dd": null, "attn_entropy": null, "lr": null, "profit_factor": null, "loss": null, "val": null}
{"time": "2025-06-23 16:45:27,028", "level": "INFO", "msg": "FEATURE_IMPORTANCE toggle_vortex 0.338", "epoch": null, "sharpe": null, "max_dd": null, "attn_entropy": null, "lr": null, "profit_factor": null, "loss": null, "val": null}
{"time": "2025-06-23 16:45:27,028", "level": "INFO", "msg": "FEATURE_IMPORTANCE toggle_cmf 0.702", "epoch": null, "sharpe": null, "max_dd": null, "attn_entropy": null, "lr": null, "profit_factor": null, "loss": null, "val": null}
{"time": "2025-06-23 16:45:27,028", "level": "INFO", "msg": "FEATURE_IMPORTANCE toggle_ichimoku 0.690", "epoch": null, "sharpe": null, "max_dd": null, "attn_entropy": null, "lr": null, "profit_factor": null, "loss": null, "val": null}
{"time": "2025-06-23 16:45:27,029", "level": "INFO", "msg": "FEATURE_IMPORTANCE toggle_ema 0.726", "epoch": null, "sharpe": null, "max_dd": null, "attn_entropy": null, "lr": null, "profit_factor": null, "loss": null, "val": null}
{"time": "2025-06-23 16:45:27,029", "level": "INFO", "msg": "FEATURE_IMPORTANCE toggle_donchian 0.532", "epoch": null, "sharpe": null, "max_dd": null, "attn_entropy": null, "lr": null, "profit_factor": null, "loss": null, "val": null}
{"time": "2025-06-23 16:45:27,029", "level": "INFO", "msg": "FEATURE_IMPORTANCE toggle_kijun 0.633", "epoch": null, "sharpe": null, "max_dd": null, "attn_entropy": null, "lr": null, "profit_factor": null, "loss": null, "val": null}
{"time": "2025-06-23 16:45:27,029", "level": "INFO", "msg": "FEATURE_IMPORTANCE toggle_tenkan 0.703", "epoch": null, "sharpe": null, "max_dd": null, "attn_entropy": null, "lr": null, "profit_factor": null, "loss": null, "val": null}
{"time": "2025-06-23 16:45:27,029", "level": "INFO", "msg": "FEATURE_IMPORTANCE toggle_disp 0.656", "epoch": null, "sharpe": null, "max_dd": null, "attn_entropy": null, "lr": null, "profit_factor": null, "loss": null, "val": null}
{"time": "2025-06-23 16:45:27,030", "level": "INFO", "msg": "META_MUTATION d_macd_signal=-1, d_long_frac=-0.01, d_short_frac=-0.03 sl=2.90 tp=9.78 atr=19 vortex=19 cmf=20, ema=24, don=23, kij=28, ten=20, disp=19, long=0.000 short=0.000", "epoch": null, "sharpe": null, "max_dd": null, "attn_entropy": null, "lr": null, "profit_factor": null, "loss": null, "val": null}
{"time": "2025-06-23 16:46:02,705", "level": "INFO", "msg": "DATALOADER", "epoch": null, "sharpe": null, "max_dd": null, "attn_entropy": null, "lr": null, "profit_factor": null, "loss": null, "val": null}
{"time": "2025-06-23 16:46:02,746", "level": "INFO", "msg": "START_EPOCH", "epoch": 5, "sharpe": null, "max_dd": null, "attn_entropy": null, "lr": null, "profit_factor": null, "loss": null, "val": null}
{"time": "2025-06-23 16:47:35,659", "level": "INFO", "msg": "REJECTED by risk filter", "epoch": 5, "sharpe": -2.6402596082162413, "max_dd": -0.9999908664714854, "attn_entropy": 3.175759252564832, "lr": 1e-05, "profit_factor": null, "loss": null, "val": null}
{"time": "2025-06-23 16:47:35,660", "level": "INFO", "msg": "{'event': 'EPOCH_SUMMARY', 'epoch': 5, 'mean_entropy': 3.17409086227417, 'mean_max_prob': 0.05668852850794792, 'rejections': 1}", "epoch": null, "sharpe": null, "max_dd": null, "attn_entropy": null, "lr": null, "profit_factor": null, "loss": null, "val": null}
{"time": "2025-06-23 16:47:40,706", "level": "INFO", "msg": "EPOCH_METRICS", "epoch": 5, "sharpe": -2.6402596082162413, "max_dd": -0.9999908664714854, "attn_entropy": 3.1756827845739566, "lr": 6.413082656341742e-08, "profit_factor": 1.0144021276726407, "loss": 1.2733152636459895, "val": 1.2097541987895966}
{"time": "2025-06-23 16:47:40,708", "level": "INFO", "msg": "REJECTED", "epoch": 5, "sharpe": -2.6402596082162413, "max_dd": -0.9999908664714854, "attn_entropy": 3.1756827845739566, "lr": null, "profit_factor": null, "loss": null, "val": null}
{"time": "2025-06-23 16:48:41,095", "level": "INFO", "msg": "DATALOADER", "epoch": null, "sharpe": null, "max_dd": null, "attn_entropy": null, "lr": null, "profit_factor": null, "loss": null, "val": null}
{"time": "2025-06-23 16:48:41,096", "level": "INFO", "msg": "START_EPOCH", "epoch": 6, "sharpe": null, "max_dd": null, "attn_entropy": null, "lr": null, "profit_factor": null, "loss": null, "val": null}
