2025-06-06T14:38:39.402297 {"training_loss": [], "validation_loss": [], "equity_curve": [], "best_equity_curve": [], "phemex_close": [], "backtest_profit": [], "attention_weights": []}
2025-06-06T14:38:41.523034 {"training_loss": [], "validation_loss": [], "equity_curve": [], "best_equity_curve": [], "phemex_close": [], "backtest_profit": [], "attention_weights": []}
2025-06-06T14:38:43.640278 {"training_loss": [], "validation_loss": [], "equity_curve": [], "best_equity_curve": [], "phemex_close": [], "backtest_profit": [], "attention_weights": []}
2025-06-06T14:38:45.763494 {"training_loss": [], "validation_loss": [], "equity_curve": [], "best_equity_curve": [], "phemex_close": [], "backtest_profit": [], "attention_weights": []}
2025-06-06T14:38:47.882501 {"training_loss": [], "validation_loss": [], "equity_curve": [], "best_equity_curve": [], "phemex_close": [], "backtest_profit": [], "attention_weights": []}
2025-06-06T14:38:49.998777 {"training_loss": [], "validation_loss": [], "equity_curve": [], "best_equity_curve": [], "phemex_close": [], "backtest_profit": [], "attention_weights": []}
2025-06-06T14:38:52.119334 {"training_loss": [], "validation_loss": [], "equity_curve": [], "best_equity_curve": [], "phemex_close": [], "backtest_profit": [], "attention_weights": []}
2025-06-06T14:38:54.244053 {"training_loss": [], "validation_loss": [], "equity_curve": [], "best_equity_curve": [], "phemex_close": [], "backtest_profit": [], "attention_weights": []}
2025-06-06T14:38:56.365667 {"training_loss": [], "validation_loss": [], "equity_curve": [], "best_equity_curve": [], "phemex_close": [], "backtest_profit": [], "attention_weights": []}
2025-06-06T14:38:58.495213 {"training_loss": [], "validation_loss": [], "equity_curve": [], "best_equity_curve": [], "phemex_close": [], "backtest_profit": [], "attention_weights": []}
2025-06-06T14:39:00.614088 {"training_loss": [], "validation_loss": [], "equity_curve": [], "best_equity_curve": [], "phemex_close": [], "backtest_profit": [], "attention_weights": []}
2025-06-06T14:39:02.728772 {"training_loss": [], "validation_loss": [], "equity_curve": [], "best_equity_curve": [], "phemex_close": [], "backtest_profit": [], "attention_weights": []}
2025-06-06T14:39:04.851992 {"training_loss": [], "validation_loss": [], "equity_curve": [], "best_equity_curve": [], "phemex_close": [], "backtest_profit": [], "attention_weights": []}
2025-06-06T14:39:06.978095 {"training_loss": [], "validation_loss": [], "equity_curve": [], "best_equity_curve": [], "phemex_close": [], "backtest_profit": [], "attention_weights": []}
2025-06-06T14:39:09.101142 {"training_loss": [], "validation_loss": [], "equity_curve": [], "best_equity_curve": [], "phemex_close": [], "backtest_profit": [], "attention_weights": []}
2025-06-06T14:39:11.232064 {"training_loss": [], "validation_loss": [], "equity_curve": [], "best_equity_curve": [], "phemex_close": [], "backtest_profit": [], "attention_weights": []}
2025-06-06T14:39:13.368948 {"training_loss": [], "validation_loss": [], "equity_curve": [], "best_equity_curve": [], "phemex_close": [], "backtest_profit": [], "attention_weights": []}
2025-06-06T14:39:15.493959 {"training_loss": [], "validation_loss": [], "equity_curve": [], "best_equity_curve": [], "phemex_close": [], "backtest_profit": [], "attention_weights": []}
2025-06-06T14:39:17.620206 {"training_loss": [], "validation_loss": [], "equity_curve": [], "best_equity_curve": [], "phemex_close": [], "backtest_profit": [], "attention_weights": []}
2025-06-06T14:39:19.749447 {"training_loss": [], "validation_loss": [], "equity_curve": [], "best_equity_curve": [], "phemex_close": [], "backtest_profit": [], "attention_weights": []}
2025-06-06T14:39:21.880740 {"training_loss": [], "validation_loss": [], "equity_curve": [], "best_equity_curve": [], "phemex_close": [], "backtest_profit": [], "attention_weights": []}
2025-06-06T14:39:24.001039 {"training_loss": [], "validation_loss": [], "equity_curve": [], "best_equity_curve": [], "phemex_close": [], "backtest_profit": [], "attention_weights": []}
2025-06-06T14:39:26.128670 {"training_loss": [], "validation_loss": [], "equity_curve": [], "best_equity_curve": [], "phemex_close": [], "backtest_profit": [], "attention_weights": []}
2025-06-06T14:39:28.276107 {"training_loss": [], "validation_loss": [], "equity_curve": [], "best_equity_curve": [], "phemex_close": [], "backtest_profit": [], "attention_weights": []}
2025-06-06T14:39:30.402793 {"training_loss": [], "validation_loss": [], "equity_curve": [], "best_equity_curve": [], "phemex_close": [], "backtest_profit": [], "attention_weights": []}
2025-06-06T14:39:32.520186 {"training_loss": [], "validation_loss": [], "equity_curve": [], "best_equity_curve": [], "phemex_close": [], "backtest_profit": [], "attention_weights": []}
2025-06-06T14:39:34.642721 {"training_loss": [], "validation_loss": [], "equity_curve": [], "best_equity_curve": [], "phemex_close": [], "backtest_profit": [], "attention_weights": []}
2025-06-06T14:39:40.244865 {"training_loss": [], "validation_loss": [], "equity_curve": [], "best_equity_curve": [], "phemex_close": [], "backtest_profit": [-99.9999998057329], "attention_weights": []}
2025-06-06T14:39:42.373206 {"training_loss": [], "validation_loss": [], "equity_curve": [], "best_equity_curve": [], "phemex_close": [], "backtest_profit": [-99.9999998057329], "attention_weights": []}
2025-06-06T14:39:44.504293 {"training_loss": [], "validation_loss": [], "equity_curve": [], "best_equity_curve": [], "phemex_close": [], "backtest_profit": [-99.9999998057329], "attention_weights": []}
2025-06-06T14:39:46.644588 {"training_loss": [], "validation_loss": [], "equity_curve": [], "best_equity_curve": [], "phemex_close": [], "backtest_profit": [-99.9999998057329], "attention_weights": []}
2025-06-06T14:39:48.777001 {"training_loss": [], "validation_loss": [], "equity_curve": [], "best_equity_curve": [], "phemex_close": [], "backtest_profit": [-99.9999998057329], "attention_weights": []}
2025-06-06T14:39:50.903474 {"training_loss": [], "validation_loss": [], "equity_curve": [], "best_equity_curve": [], "phemex_close": [], "backtest_profit": [-99.9999998057329], "attention_weights": []}
2025-06-06T14:39:53.037270 {"training_loss": [], "validation_loss": [], "equity_curve": [], "best_equity_curve": [], "phemex_close": [], "backtest_profit": [-99.9999998057329], "attention_weights": []}
2025-06-06T14:39:55.157157 {"training_loss": [], "validation_loss": [], "equity_curve": [], "best_equity_curve": [], "phemex_close": [], "backtest_profit": [-99.9999998057329], "attention_weights": []}
2025-06-06T14:39:57.301335 {"training_loss": [], "validation_loss": [], "equity_curve": [], "best_equity_curve": [], "phemex_close": [], "backtest_profit": [-99.9999998057329], "attention_weights": []}
2025-06-06T14:39:59.627606 {"training_loss": [], "validation_loss": [], "equity_curve": [], "best_equity_curve": [], "phemex_close": [], "backtest_profit": [-99.9999998057329], "attention_weights": []}
2025-06-06T14:40:01.768790 {"training_loss": [], "validation_loss": [], "equity_curve": [], "best_equity_curve": [], "phemex_close": [], "backtest_profit": [-99.9999998057329], "attention_weights": []}
2025-06-06T14:40:03.920944 {"training_loss": [], "validation_loss": [], "equity_curve": [], "best_equity_curve": [], "phemex_close": [], "backtest_profit": [-99.9999998057329], "attention_weights": []}
2025-06-06T14:40:06.066056 {"training_loss": [], "validation_loss": [], "equity_curve": [], "best_equity_curve": [], "phemex_close": [], "backtest_profit": [-99.9999998057329], "attention_weights": []}
2025-06-06T14:40:08.201427 {"training_loss": [], "validation_loss": [], "equity_curve": [], "best_equity_curve": [], "phemex_close": [], "backtest_profit": [-99.9999998057329], "attention_weights": []}
2025-06-06T14:40:10.349893 {"training_loss": [], "validation_loss": [], "equity_curve": [], "best_equity_curve": [], "phemex_close": [], "backtest_profit": [-99.9999998057329], "attention_weights": []}
2025-06-06T14:40:12.493134 {"training_loss": [], "validation_loss": [], "equity_curve": [], "best_equity_curve": [], "phemex_close": [], "backtest_profit": [-99.9999998057329], "attention_weights": []}
2025-06-06T14:40:14.646468 {"training_loss": [], "validation_loss": [], "equity_curve": [], "best_equity_curve": [], "phemex_close": [], "backtest_profit": [-99.9999998057329], "attention_weights": []}
2025-06-06T14:40:16.790612 {"training_loss": [], "validation_loss": [], "equity_curve": [], "best_equity_curve": [], "phemex_close": [], "backtest_profit": [-99.9999998057329], "attention_weights": []}
2025-06-06T14:40:18.945273 {"training_loss": [], "validation_loss": [], "equity_curve": [], "best_equity_curve": [], "phemex_close": [], "backtest_profit": [-99.9999998057329], "attention_weights": []}
2025-06-06T14:40:21.095273 {"training_loss": [], "validation_loss": [], "equity_curve": [], "best_equity_curve": [], "phemex_close": [], "backtest_profit": [-99.9999998057329], "attention_weights": []}
2025-06-06T14:40:23.237585 {"training_loss": [], "validation_loss": [], "equity_curve": [], "best_equity_curve": [], "phemex_close": [], "backtest_profit": [-99.9999998057329], "attention_weights": []}
2025-06-06T14:40:25.389078 {"training_loss": [], "validation_loss": [], "equity_curve": [], "best_equity_curve": [], "phemex_close": [], "backtest_profit": [-99.9999998057329], "attention_weights": []}
2025-06-06T14:40:27.528132 {"training_loss": [], "validation_loss": [], "equity_curve": [], "best_equity_curve": [], "phemex_close": [], "backtest_profit": [-99.9999998057329], "attention_weights": []}
2025-06-06T14:40:29.674635 {"training_loss": [], "validation_loss": [], "equity_curve": [], "best_equity_curve": [], "phemex_close": [], "backtest_profit": [-99.9999998057329], "attention_weights": []}
2025-06-06T14:40:31.824355 {"training_loss": [], "validation_loss": [], "equity_curve": [], "best_equity_curve": [], "phemex_close": [], "backtest_profit": [-99.9999998057329], "attention_weights": []}
2025-06-06T14:40:33.971371 {"training_loss": [], "validation_loss": [], "equity_curve": [], "best_equity_curve": [], "phemex_close": [], "backtest_profit": [-99.9999998057329], "attention_weights": []}
2025-06-06T14:40:36.119229 {"training_loss": [], "validation_loss": [], "equity_curve": [], "best_equity_curve": [], "phemex_close": [], "backtest_profit": [-99.9999998057329], "attention_weights": []}
2025-06-06T14:40:38.277128 {"training_loss": [], "validation_loss": [], "equity_curve": [], "best_equity_curve": [], "phemex_close": [], "backtest_profit": [-99.9999998057329], "attention_weights": []}
2025-06-06T14:40:40.425584 {"training_loss": [], "validation_loss": [], "equity_curve": [], "best_equity_curve": [], "phemex_close": [], "backtest_profit": [-99.9999998057329], "attention_weights": []}
2025-06-06T14:40:42.576071 {"training_loss": [], "validation_loss": [], "equity_curve": [], "best_equity_curve": [], "phemex_close": [], "backtest_profit": [-99.9999998057329], "attention_weights": []}
2025-06-06T14:40:44.724335 {"training_loss": [], "validation_loss": [], "equity_curve": [], "best_equity_curve": [], "phemex_close": [], "backtest_profit": [-99.9999998057329], "attention_weights": []}
2025-06-06T14:40:46.869753 {"training_loss": [], "validation_loss": [], "equity_curve": [], "best_equity_curve": [], "phemex_close": [], "backtest_profit": [-99.9999998057329], "attention_weights": []}
2025-06-06T14:40:49.014553 {"training_loss": [], "validation_loss": [], "equity_curve": [], "best_equity_curve": [], "phemex_close": [], "backtest_profit": [-99.9999998057329], "attention_weights": []}
2025-06-06T14:40:51.171002 {"training_loss": [], "validation_loss": [], "equity_curve": [], "best_equity_curve": [], "phemex_close": [], "backtest_profit": [-99.9999998057329], "attention_weights": []}
2025-06-06T14:40:53.319928 {"training_loss": [], "validation_loss": [], "equity_curve": [], "best_equity_curve": [], "phemex_close": [], "backtest_profit": [-99.9999998057329], "attention_weights": []}
2025-06-06T14:40:55.465099 {"training_loss": [], "validation_loss": [], "equity_curve": [], "best_equity_curve": [], "phemex_close": [], "backtest_profit": [-99.9999998057329], "attention_weights": []}
2025-06-06T14:40:57.607603 {"training_loss": [], "validation_loss": [], "equity_curve": [], "best_equity_curve": [], "phemex_close": [], "backtest_profit": [-99.9999998057329], "attention_weights": []}
2025-06-06T14:40:59.747669 {"training_loss": [], "validation_loss": [], "equity_curve": [], "best_equity_curve": [], "phemex_close": [], "backtest_profit": [-99.9999998057329], "attention_weights": []}
2025-06-06T14:41:01.888879 {"training_loss": [], "validation_loss": [], "equity_curve": [], "best_equity_curve": [], "phemex_close": [], "backtest_profit": [-99.9999998057329], "attention_weights": []}
2025-06-06T14:41:04.028014 {"training_loss": [], "validation_loss": [], "equity_curve": [], "best_equity_curve": [], "phemex_close": [], "backtest_profit": [-99.9999998057329], "attention_weights": []}
2025-06-06T14:41:06.180693 {"training_loss": [], "validation_loss": [], "equity_curve": [], "best_equity_curve": [], "phemex_close": [], "backtest_profit": [-99.9999998057329], "attention_weights": []}
2025-06-06T14:41:08.330357 {"training_loss": [], "validation_loss": [], "equity_curve": [], "best_equity_curve": [], "phemex_close": [], "backtest_profit": [-99.9999998057329], "attention_weights": []}
2025-06-06T14:41:10.479329 {"training_loss": [], "validation_loss": [], "equity_curve": [], "best_equity_curve": [], "phemex_close": [], "backtest_profit": [-99.9999998057329], "attention_weights": []}
2025-06-06T14:41:12.631155 {"training_loss": [], "validation_loss": [], "equity_curve": [], "best_equity_curve": [], "phemex_close": [], "backtest_profit": [-99.9999998057329], "attention_weights": []}
2025-06-06T14:41:14.785241 {"training_loss": [], "validation_loss": [], "equity_curve": [], "best_equity_curve": [], "phemex_close": [], "backtest_profit": [-99.9999998057329], "attention_weights": []}
2025-06-06T14:41:16.925677 {"training_loss": [], "validation_loss": [], "equity_curve": [], "best_equity_curve": [], "phemex_close": [], "backtest_profit": [-99.9999998057329], "attention_weights": []}
2025-06-06T14:41:19.071726 {"training_loss": [NaN], "validation_loss": [NaN], "equity_curve": [], "best_equity_curve": [], "phemex_close": [], "backtest_profit": [-99.9999998057329], "attention_weights": [0]}
2025-06-06T14:41:21.220946 {"training_loss": [NaN], "validation_loss": [NaN], "equity_curve": [], "best_equity_curve": [], "phemex_close": [], "backtest_profit": [-99.9999998057329], "attention_weights": [0]}
2025-06-06T14:41:23.376448 {"training_loss": [NaN], "validation_loss": [NaN], "equity_curve": [], "best_equity_curve": [], "phemex_close": [], "backtest_profit": [-99.9999998057329], "attention_weights": [0]}
2025-06-06T14:41:25.534254 {"training_loss": [NaN], "validation_loss": [NaN], "equity_curve": [], "best_equity_curve": [], "phemex_close": [], "backtest_profit": [-99.9999998057329], "attention_weights": [0]}
2025-06-06T14:41:27.695597 {"training_loss": [NaN], "validation_loss": [NaN], "equity_curve": [], "best_equity_curve": [], "phemex_close": [], "backtest_profit": [-99.9999998057329], "attention_weights": [0]}
2025-06-06T14:41:29.858967 {"training_loss": [NaN], "validation_loss": [NaN], "equity_curve": [], "best_equity_curve": [], "phemex_close": [], "backtest_profit": [-99.9999998057329], "attention_weights": [0]}
2025-06-06T14:41:32.018999 {"training_loss": [NaN], "validation_loss": [NaN], "equity_curve": [], "best_equity_curve": [], "phemex_close": [], "backtest_profit": [-99.9999998057329], "attention_weights": [0]}
2025-06-06T14:41:34.183565 {"training_loss": [NaN], "validation_loss": [NaN], "equity_curve": [], "best_equity_curve": [], "phemex_close": [], "backtest_profit": [-99.9999998057329], "attention_weights": [0]}
2025-06-06T14:41:36.328219 {"training_loss": [NaN], "validation_loss": [NaN], "equity_curve": [], "best_equity_curve": [], "phemex_close": [], "backtest_profit": [-99.9999998057329], "attention_weights": [0]}
2025-06-06T14:41:38.481791 {"training_loss": [NaN], "validation_loss": [NaN], "equity_curve": [], "best_equity_curve": [], "phemex_close": [], "backtest_profit": [-99.9999998057329], "attention_weights": [0]}
2025-06-06T14:41:40.637072 {"training_loss": [NaN], "validation_loss": [NaN], "equity_curve": [], "best_equity_curve": [], "phemex_close": [], "backtest_profit": [-99.9999998057329], "attention_weights": [0]}
2025-06-06T14:41:42.781110 {"training_loss": [NaN], "validation_loss": [NaN], "equity_curve": [], "best_equity_curve": [], "phemex_close": [], "backtest_profit": [-99.9999998057329], "attention_weights": [0]}
2025-06-06T14:41:44.937053 {"training_loss": [NaN], "validation_loss": [NaN], "equity_curve": [], "best_equity_curve": [], "phemex_close": [], "backtest_profit": [-99.9999998057329], "attention_weights": [0]}
2025-06-06T14:41:47.093604 {"training_loss": [NaN], "validation_loss": [NaN], "equity_curve": [], "best_equity_curve": [], "phemex_close": [], "backtest_profit": [-99.9999998057329], "attention_weights": [0]}
2025-06-06T14:41:49.244725 {"training_loss": [NaN], "validation_loss": [NaN], "equity_curve": [], "best_equity_curve": [], "phemex_close": [], "backtest_profit": [-99.9999998057329], "attention_weights": [0]}
2025-06-06T14:41:51.393596 {"training_loss": [NaN], "validation_loss": [NaN], "equity_curve": [], "best_equity_curve": [], "phemex_close": [], "backtest_profit": [-99.9999998057329], "attention_weights": [0]}
2025-06-06T14:41:53.546007 {"training_loss": [NaN], "validation_loss": [NaN], "equity_curve": [], "best_equity_curve": [], "phemex_close": [], "backtest_profit": [-99.9999998057329], "attention_weights": [0]}
2025-06-06T14:41:55.693328 {"training_loss": [NaN], "validation_loss": [NaN], "equity_curve": [], "best_equity_curve": [], "phemex_close": [], "backtest_profit": [-99.9999998057329], "attention_weights": [0]}
2025-06-06T14:41:57.845161 {"training_loss": [NaN], "validation_loss": [NaN], "equity_curve": [], "best_equity_curve": [], "phemex_close": [], "backtest_profit": [-99.9999998057329], "attention_weights": [0]}
2025-06-06T14:42:00.002640 {"training_loss": [NaN], "validation_loss": [NaN], "equity_curve": [], "best_equity_curve": [], "phemex_close": [], "backtest_profit": [-99.9999998057329], "attention_weights": [0]}
2025-06-06T14:42:02.156347 {"training_loss": [NaN], "validation_loss": [NaN], "equity_curve": [], "best_equity_curve": [], "phemex_close": [], "backtest_profit": [-99.9999998057329], "attention_weights": [0]}
2025-06-06T14:42:04.317203 {"training_loss": [NaN], "validation_loss": [NaN], "equity_curve": [], "best_equity_curve": [], "phemex_close": [], "backtest_profit": [-99.9999998057329], "attention_weights": [0]}
2025-06-06T14:42:06.472400 {"training_loss": [NaN], "validation_loss": [NaN], "equity_curve": [], "best_equity_curve": [], "phemex_close": [], "backtest_profit": [-99.9999998057329], "attention_weights": [0]}
2025-06-06T14:42:08.622960 {"training_loss": [NaN], "validation_loss": [NaN], "equity_curve": [], "best_equity_curve": [], "phemex_close": [], "backtest_profit": [-99.9999998057329], "attention_weights": [0]}
2025-06-06T14:42:10.781878 {"training_loss": [NaN], "validation_loss": [NaN], "equity_curve": [], "best_equity_curve": [], "phemex_close": [], "backtest_profit": [-99.9999998057329], "attention_weights": [0]}
2025-06-06T14:42:12.916220 {"training_loss": [NaN], "validation_loss": [NaN], "equity_curve": [], "best_equity_curve": [], "phemex_close": [], "backtest_profit": [-99.9999998057329], "attention_weights": [0]}
2025-06-06T14:42:15.075854 {"training_loss": [NaN], "validation_loss": [NaN], "equity_curve": [], "best_equity_curve": [], "phemex_close": [], "backtest_profit": [-99.9999998057329], "attention_weights": [0]}
2025-06-06T14:42:17.225952 {"training_loss": [NaN], "validation_loss": [NaN], "equity_curve": [], "best_equity_curve": [], "phemex_close": [], "backtest_profit": [-99.9999998057329], "attention_weights": [0]}
2025-06-06T14:42:19.381046 {"training_loss": [NaN], "validation_loss": [NaN], "equity_curve": [], "best_equity_curve": [], "phemex_close": [], "backtest_profit": [-99.9999998057329], "attention_weights": [0]}
2025-06-06T14:42:21.517267 {"training_loss": [NaN], "validation_loss": [NaN], "equity_curve": [], "best_equity_curve": [], "phemex_close": [], "backtest_profit": [-99.9999998057329], "attention_weights": [0]}
2025-06-06T14:42:23.673467 {"training_loss": [NaN], "validation_loss": [NaN], "equity_curve": [], "best_equity_curve": [], "phemex_close": [], "backtest_profit": [-99.9999998057329], "attention_weights": [0]}
2025-06-06T14:42:25.820009 {"training_loss": [NaN], "validation_loss": [NaN], "equity_curve": [], "best_equity_curve": [], "phemex_close": [], "backtest_profit": [-99.9999998057329], "attention_weights": [0]}
2025-06-06T14:42:27.963477 {"training_loss": [NaN], "validation_loss": [NaN], "equity_curve": [], "best_equity_curve": [], "phemex_close": [], "backtest_profit": [-99.9999998057329], "attention_weights": [0]}
2025-06-06T14:42:33.351946 {"training_loss": [NaN], "validation_loss": [NaN], "equity_curve": [], "best_equity_curve": [], "phemex_close": [], "backtest_profit": [-99.9999998057329, 60808.90573217674], "attention_weights": [0]}
2025-06-06T14:42:35.506656 {"training_loss": [NaN], "validation_loss": [NaN], "equity_curve": [], "best_equity_curve": [], "phemex_close": [], "backtest_profit": [-99.9999998057329, 60808.90573217674], "attention_weights": [0]}
2025-06-06T14:42:37.657005 {"training_loss": [NaN], "validation_loss": [NaN], "equity_curve": [], "best_equity_curve": [], "phemex_close": [], "backtest_profit": [-99.9999998057329, 60808.90573217674], "attention_weights": [0]}
2025-06-06T14:42:39.817610 {"training_loss": [NaN], "validation_loss": [NaN], "equity_curve": [], "best_equity_curve": [], "phemex_close": [], "backtest_profit": [-99.9999998057329, 60808.90573217674], "attention_weights": [0]}
2025-06-06T14:42:41.963685 {"training_loss": [NaN], "validation_loss": [NaN], "equity_curve": [], "best_equity_curve": [], "phemex_close": [], "backtest_profit": [-99.9999998057329, 60808.90573217674], "attention_weights": [0]}
2025-06-06T14:42:44.125158 {"training_loss": [NaN], "validation_loss": [NaN], "equity_curve": [], "best_equity_curve": [], "phemex_close": [], "backtest_profit": [-99.9999998057329, 60808.90573217674], "attention_weights": [0]}
2025-06-06T14:42:46.282038 {"training_loss": [NaN], "validation_loss": [NaN], "equity_curve": [], "best_equity_curve": [], "phemex_close": [], "backtest_profit": [-99.9999998057329, 60808.90573217674], "attention_weights": [0]}
2025-06-06T14:42:48.436753 {"training_loss": [NaN], "validation_loss": [NaN], "equity_curve": [], "best_equity_curve": [], "phemex_close": [], "backtest_profit": [-99.9999998057329, 60808.90573217674], "attention_weights": [0]}
2025-06-06T14:42:50.595697 {"training_loss": [NaN], "validation_loss": [NaN], "equity_curve": [], "best_equity_curve": [], "phemex_close": [], "backtest_profit": [-99.9999998057329, 60808.90573217674], "attention_weights": [0]}
2025-06-06T14:42:52.751396 {"training_loss": [NaN], "validation_loss": [NaN], "equity_curve": [], "best_equity_curve": [], "phemex_close": [], "backtest_profit": [-99.9999998057329, 60808.90573217674], "attention_weights": [0]}
2025-06-06T14:42:54.909151 {"training_loss": [NaN], "validation_loss": [NaN], "equity_curve": [], "best_equity_curve": [], "phemex_close": [], "backtest_profit": [-99.9999998057329, 60808.90573217674], "attention_weights": [0]}
2025-06-06T14:42:57.054933 {"training_loss": [NaN], "validation_loss": [NaN], "equity_curve": [], "best_equity_curve": [], "phemex_close": [], "backtest_profit": [-99.9999998057329, 60808.90573217674], "attention_weights": [0]}
2025-06-06T14:42:59.203708 {"training_loss": [NaN], "validation_loss": [NaN], "equity_curve": [], "best_equity_curve": [], "phemex_close": [], "backtest_profit": [-99.9999998057329, 60808.90573217674], "attention_weights": [0]}
2025-06-06T14:43:01.359151 {"training_loss": [NaN], "validation_loss": [NaN], "equity_curve": [], "best_equity_curve": [], "phemex_close": [], "backtest_profit": [-99.9999998057329, 60808.90573217674], "attention_weights": [0]}
2025-06-06T14:43:03.515638 {"training_loss": [NaN], "validation_loss": [NaN], "equity_curve": [], "best_equity_curve": [], "phemex_close": [], "backtest_profit": [-99.9999998057329, 60808.90573217674], "attention_weights": [0]}
2025-06-06T14:43:05.681243 {"training_loss": [NaN], "validation_loss": [NaN], "equity_curve": [], "best_equity_curve": [], "phemex_close": [], "backtest_profit": [-99.9999998057329, 60808.90573217674], "attention_weights": [0]}
2025-06-06T14:43:07.834166 {"training_loss": [NaN], "validation_loss": [NaN], "equity_curve": [], "best_equity_curve": [], "phemex_close": [], "backtest_profit": [-99.9999998057329, 60808.90573217674], "attention_weights": [0]}
2025-06-06T14:43:09.995284 {"training_loss": [NaN], "validation_loss": [NaN], "equity_curve": [], "best_equity_curve": [], "phemex_close": [], "backtest_profit": [-99.9999998057329, 60808.90573217674], "attention_weights": [0]}
2025-06-06T14:43:12.147839 {"training_loss": [NaN], "validation_loss": [NaN], "equity_curve": [], "best_equity_curve": [], "phemex_close": [], "backtest_profit": [-99.9999998057329, 60808.90573217674], "attention_weights": [0]}
2025-06-06T14:43:14.298532 {"training_loss": [NaN], "validation_loss": [NaN], "equity_curve": [], "best_equity_curve": [], "phemex_close": [], "backtest_profit": [-99.9999998057329, 60808.90573217674], "attention_weights": [0]}
2025-06-06T14:43:16.453459 {"training_loss": [NaN], "validation_loss": [NaN], "equity_curve": [], "best_equity_curve": [], "phemex_close": [], "backtest_profit": [-99.9999998057329, 60808.90573217674], "attention_weights": [0]}
2025-06-06T14:43:18.601730 {"training_loss": [NaN], "validation_loss": [NaN], "equity_curve": [], "best_equity_curve": [], "phemex_close": [], "backtest_profit": [-99.9999998057329, 60808.90573217674], "attention_weights": [0]}
2025-06-06T14:43:20.757732 {"training_loss": [NaN], "validation_loss": [NaN], "equity_curve": [], "best_equity_curve": [], "phemex_close": [], "backtest_profit": [-99.9999998057329, 60808.90573217674], "attention_weights": [0]}
2025-06-06T14:43:22.921976 {"training_loss": [NaN], "validation_loss": [NaN], "equity_curve": [], "best_equity_curve": [], "phemex_close": [], "backtest_profit": [-99.9999998057329, 60808.90573217674], "attention_weights": [0]}
2025-06-06T14:43:25.067677 {"training_loss": [NaN], "validation_loss": [NaN], "equity_curve": [], "best_equity_curve": [], "phemex_close": [], "backtest_profit": [-99.9999998057329, 60808.90573217674], "attention_weights": [0]}
2025-06-06T14:43:27.230247 {"training_loss": [NaN], "validation_loss": [NaN], "equity_curve": [], "best_equity_curve": [], "phemex_close": [], "backtest_profit": [-99.9999998057329, 60808.90573217674], "attention_weights": [0]}
2025-06-06T14:43:29.398010 {"training_loss": [NaN], "validation_loss": [NaN], "equity_curve": [], "best_equity_curve": [], "phemex_close": [], "backtest_profit": [-99.9999998057329, 60808.90573217674], "attention_weights": [0]}
2025-06-06T14:43:31.552839 {"training_loss": [NaN], "validation_loss": [NaN], "equity_curve": [], "best_equity_curve": [], "phemex_close": [], "backtest_profit": [-99.9999998057329, 60808.90573217674], "attention_weights": [0]}
2025-06-06T14:43:33.719770 {"training_loss": [NaN], "validation_loss": [NaN], "equity_curve": [], "best_equity_curve": [], "phemex_close": [], "backtest_profit": [-99.9999998057329, 60808.90573217674], "attention_weights": [0]}
2025-06-06T14:43:35.869554 {"training_loss": [NaN], "validation_loss": [NaN], "equity_curve": [], "best_equity_curve": [], "phemex_close": [], "backtest_profit": [-99.9999998057329, 60808.90573217674], "attention_weights": [0]}
2025-06-06T14:43:38.020330 {"training_loss": [NaN], "validation_loss": [NaN], "equity_curve": [], "best_equity_curve": [], "phemex_close": [], "backtest_profit": [-99.9999998057329, 60808.90573217674], "attention_weights": [0]}
2025-06-06T14:43:40.174340 {"training_loss": [NaN], "validation_loss": [NaN], "equity_curve": [], "best_equity_curve": [], "phemex_close": [], "backtest_profit": [-99.9999998057329, 60808.90573217674], "attention_weights": [0]}
2025-06-06T14:43:42.330241 {"training_loss": [NaN], "validation_loss": [NaN], "equity_curve": [], "best_equity_curve": [], "phemex_close": [], "backtest_profit": [-99.9999998057329, 60808.90573217674], "attention_weights": [0]}
2025-06-06T14:43:44.491743 {"training_loss": [NaN], "validation_loss": [NaN], "equity_curve": [], "best_equity_curve": [], "phemex_close": [], "backtest_profit": [-99.9999998057329, 60808.90573217674], "attention_weights": [0]}
2025-06-06T14:43:46.660620 {"training_loss": [NaN], "validation_loss": [NaN], "equity_curve": [], "best_equity_curve": [], "phemex_close": [], "backtest_profit": [-99.9999998057329, 60808.90573217674], "attention_weights": [0]}
2025-06-06T14:43:48.811447 {"training_loss": [NaN], "validation_loss": [NaN], "equity_curve": [], "best_equity_curve": [], "phemex_close": [], "backtest_profit": [-99.9999998057329, 60808.90573217674], "attention_weights": [0]}
2025-06-06T14:43:50.961358 {"training_loss": [NaN], "validation_loss": [NaN], "equity_curve": [], "best_equity_curve": [], "phemex_close": [], "backtest_profit": [-99.9999998057329, 60808.90573217674], "attention_weights": [0]}
2025-06-06T14:43:53.136749 {"training_loss": [NaN], "validation_loss": [NaN], "equity_curve": [], "best_equity_curve": [], "phemex_close": [], "backtest_profit": [-99.9999998057329, 60808.90573217674], "attention_weights": [0]}
2025-06-06T14:43:55.286658 {"training_loss": [NaN], "validation_loss": [NaN], "equity_curve": [], "best_equity_curve": [], "phemex_close": [], "backtest_profit": [-99.9999998057329, 60808.90573217674], "attention_weights": [0]}
2025-06-06T14:43:57.443041 {"training_loss": [NaN], "validation_loss": [NaN], "equity_curve": [], "best_equity_curve": [], "phemex_close": [], "backtest_profit": [-99.9999998057329, 60808.90573217674], "attention_weights": [0]}
2025-06-06T14:43:59.600830 {"training_loss": [NaN], "validation_loss": [NaN], "equity_curve": [], "best_equity_curve": [], "phemex_close": [], "backtest_profit": [-99.9999998057329, 60808.90573217674], "attention_weights": [0]}
2025-06-06T14:44:01.951795 {"training_loss": [NaN], "validation_loss": [NaN], "equity_curve": [], "best_equity_curve": [], "phemex_close": [], "backtest_profit": [-99.9999998057329, 60808.90573217674], "attention_weights": [0]}
2025-06-06T14:44:04.110040 {"training_loss": [NaN], "validation_loss": [NaN], "equity_curve": [], "best_equity_curve": [], "phemex_close": [], "backtest_profit": [-99.9999998057329, 60808.90573217674], "attention_weights": [0]}
2025-06-06T14:44:06.273682 {"training_loss": [NaN], "validation_loss": [NaN], "equity_curve": [], "best_equity_curve": [], "phemex_close": [], "backtest_profit": [-99.9999998057329, 60808.90573217674], "attention_weights": [0]}
2025-06-06T14:44:08.450500 {"training_loss": [NaN], "validation_loss": [NaN], "equity_curve": [], "best_equity_curve": [], "phemex_close": [], "backtest_profit": [-99.9999998057329, 60808.90573217674], "attention_weights": [0]}
2025-06-06T14:44:10.618469 {"training_loss": [NaN], "validation_loss": [NaN], "equity_curve": [], "best_equity_curve": [], "phemex_close": [], "backtest_profit": [-99.9999998057329, 60808.90573217674], "attention_weights": [0]}
2025-06-06T14:44:12.743651 {"training_loss": [NaN], "validation_loss": [NaN], "equity_curve": [], "best_equity_curve": [], "phemex_close": [], "backtest_profit": [-99.9999998057329, 60808.90573217674], "attention_weights": [0]}
2025-06-06T14:44:14.899401 {"training_loss": [NaN, NaN], "validation_loss": [NaN, NaN], "equity_curve": [], "best_equity_curve": [], "phemex_close": [], "backtest_profit": [-99.9999998057329, 60808.90573217674], "attention_weights": [0, 0]}
2025-06-06T14:44:17.072568 {"training_loss": [NaN, NaN], "validation_loss": [NaN, NaN], "equity_curve": [], "best_equity_curve": [], "phemex_close": [], "backtest_profit": [-99.9999998057329, 60808.90573217674], "attention_weights": [0, 0]}
2025-06-06T14:44:19.233792 {"training_loss": [NaN, NaN], "validation_loss": [NaN, NaN], "equity_curve": [], "best_equity_curve": [], "phemex_close": [], "backtest_profit": [-99.9999998057329, 60808.90573217674], "attention_weights": [0, 0]}
2025-06-06T14:44:21.390981 {"training_loss": [NaN, NaN], "validation_loss": [NaN, NaN], "equity_curve": [], "best_equity_curve": [], "phemex_close": [], "backtest_profit": [-99.9999998057329, 60808.90573217674], "attention_weights": [0, 0]}
2025-06-06T14:44:23.547511 {"training_loss": [NaN, NaN], "validation_loss": [NaN, NaN], "equity_curve": [], "best_equity_curve": [], "phemex_close": [], "backtest_profit": [-99.9999998057329, 60808.90573217674], "attention_weights": [0, 0]}
2025-06-06T14:44:25.706205 {"training_loss": [NaN, NaN], "validation_loss": [NaN, NaN], "equity_curve": [], "best_equity_curve": [], "phemex_close": [], "backtest_profit": [-99.9999998057329, 60808.90573217674], "attention_weights": [0, 0]}
2025-06-06T14:44:27.863132 {"training_loss": [NaN, NaN], "validation_loss": [NaN, NaN], "equity_curve": [], "best_equity_curve": [], "phemex_close": [], "backtest_profit": [-99.9999998057329, 60808.90573217674], "attention_weights": [0, 0]}
2025-06-06T14:44:30.016109 {"training_loss": [NaN, NaN], "validation_loss": [NaN, NaN], "equity_curve": [], "best_equity_curve": [], "phemex_close": [], "backtest_profit": [-99.9999998057329, 60808.90573217674], "attention_weights": [0, 0]}
2025-06-06T14:44:32.167352 {"training_loss": [NaN, NaN], "validation_loss": [NaN, NaN], "equity_curve": [], "best_equity_curve": [], "phemex_close": [], "backtest_profit": [-99.9999998057329, 60808.90573217674], "attention_weights": [0, 0]}
2025-06-06T14:44:34.336938 {"training_loss": [NaN, NaN], "validation_loss": [NaN, NaN], "equity_curve": [], "best_equity_curve": [], "phemex_close": [], "backtest_profit": [-99.9999998057329, 60808.90573217674], "attention_weights": [0, 0]}
2025-06-06T14:44:36.494661 {"training_loss": [NaN, NaN], "validation_loss": [NaN, NaN], "equity_curve": [], "best_equity_curve": [], "phemex_close": [], "backtest_profit": [-99.9999998057329, 60808.90573217674], "attention_weights": [0, 0]}
2025-06-06T14:44:38.656824 {"training_loss": [NaN, NaN], "validation_loss": [NaN, NaN], "equity_curve": [], "best_equity_curve": [], "phemex_close": [], "backtest_profit": [-99.9999998057329, 60808.90573217674], "attention_weights": [0, 0]}
2025-06-06T14:44:40.818654 {"training_loss": [NaN, NaN], "validation_loss": [NaN, NaN], "equity_curve": [], "best_equity_curve": [], "phemex_close": [], "backtest_profit": [-99.9999998057329, 60808.90573217674], "attention_weights": [0, 0]}
2025-06-06T14:44:42.974082 {"training_loss": [NaN, NaN], "validation_loss": [NaN, NaN], "equity_curve": [], "best_equity_curve": [], "phemex_close": [], "backtest_profit": [-99.9999998057329, 60808.90573217674], "attention_weights": [0, 0]}
2025-06-06T14:44:45.124911 {"training_loss": [NaN, NaN], "validation_loss": [NaN, NaN], "equity_curve": [], "best_equity_curve": [], "phemex_close": [], "backtest_profit": [-99.9999998057329, 60808.90573217674], "attention_weights": [0, 0]}
2025-06-06T14:44:47.486306 {"training_loss": [NaN, NaN], "validation_loss": [NaN, NaN], "equity_curve": [], "best_equity_curve": [], "phemex_close": [], "backtest_profit": [-99.9999998057329, 60808.90573217674], "attention_weights": [0, 0]}
2025-06-06T14:44:49.642593 {"training_loss": [NaN, NaN], "validation_loss": [NaN, NaN], "equity_curve": [], "best_equity_curve": [], "phemex_close": [], "backtest_profit": [-99.9999998057329, 60808.90573217674], "attention_weights": [0, 0]}
2025-06-06T14:44:51.799549 {"training_loss": [NaN, NaN], "validation_loss": [NaN, NaN], "equity_curve": [], "best_equity_curve": [], "phemex_close": [], "backtest_profit": [-99.9999998057329, 60808.90573217674], "attention_weights": [0, 0]}
2025-06-06T14:44:53.961552 {"training_loss": [NaN, NaN], "validation_loss": [NaN, NaN], "equity_curve": [], "best_equity_curve": [], "phemex_close": [], "backtest_profit": [-99.9999998057329, 60808.90573217674], "attention_weights": [0, 0]}
2025-06-06T14:44:56.124790 {"training_loss": [NaN, NaN], "validation_loss": [NaN, NaN], "equity_curve": [], "best_equity_curve": [], "phemex_close": [], "backtest_profit": [-99.9999998057329, 60808.90573217674], "attention_weights": [0, 0]}
2025-06-06T14:44:58.281956 {"training_loss": [NaN, NaN], "validation_loss": [NaN, NaN], "equity_curve": [], "best_equity_curve": [], "phemex_close": [], "backtest_profit": [-99.9999998057329, 60808.90573217674], "attention_weights": [0, 0]}
2025-06-06T14:45:00.436179 {"training_loss": [NaN, NaN], "validation_loss": [NaN, NaN], "equity_curve": [], "best_equity_curve": [], "phemex_close": [], "backtest_profit": [-99.9999998057329, 60808.90573217674], "attention_weights": [0, 0]}
2025-06-06T14:45:02.601688 {"training_loss": [NaN, NaN], "validation_loss": [NaN, NaN], "equity_curve": [], "best_equity_curve": [], "phemex_close": [], "backtest_profit": [-99.9999998057329, 60808.90573217674], "attention_weights": [0, 0]}
2025-06-06T14:45:04.762367 {"training_loss": [NaN, NaN], "validation_loss": [NaN, NaN], "equity_curve": [], "best_equity_curve": [], "phemex_close": [], "backtest_profit": [-99.9999998057329, 60808.90573217674], "attention_weights": [0, 0]}
2025-06-06T14:45:06.930032 {"training_loss": [NaN, NaN], "validation_loss": [NaN, NaN], "equity_curve": [], "best_equity_curve": [], "phemex_close": [], "backtest_profit": [-99.9999998057329, 60808.90573217674], "attention_weights": [0, 0]}
2025-06-06T14:45:09.083422 {"training_loss": [NaN, NaN], "validation_loss": [NaN, NaN], "equity_curve": [], "best_equity_curve": [], "phemex_close": [], "backtest_profit": [-99.9999998057329, 60808.90573217674], "attention_weights": [0, 0]}
2025-06-06T14:45:11.227101 {"training_loss": [NaN, NaN], "validation_loss": [NaN, NaN], "equity_curve": [], "best_equity_curve": [], "phemex_close": [], "backtest_profit": [-99.9999998057329, 60808.90573217674], "attention_weights": [0, 0]}
2025-06-06T14:45:13.388723 {"training_loss": [NaN, NaN], "validation_loss": [NaN, NaN], "equity_curve": [], "best_equity_curve": [], "phemex_close": [], "backtest_profit": [-99.9999998057329, 60808.90573217674], "attention_weights": [0, 0]}
2025-06-06T15:04:52.646053 {"training_loss": [], "validation_loss": [], "equity_curve": [], "best_equity_curve": [], "phemex_close": [], "backtest_profit": [], "attention_weights": []}
2025-06-06T15:09:53.751595 {"training_loss": [NaN], "validation_loss": [NaN], "equity_curve": [], "best_equity_curve": [], "phemex_close": [], "backtest_profit": [-84.38256777377993, 60808.90573217674], "attention_weights": [0]}
2025-06-06T15:14:55.355339 {"training_loss": [NaN, NaN, NaN], "validation_loss": [NaN, NaN, NaN], "equity_curve": [], "best_equity_curve": [], "phemex_close": [], "backtest_profit": [-84.38256777377993, 60808.90573217674, 60808.90573217674, 60808.90573217674], "attention_weights": [0, 0, 0]}
2025-06-06T15:19:56.115459 {"training_loss": [NaN, NaN, NaN, NaN, NaN], "validation_loss": [NaN, NaN, NaN, NaN, NaN], "equity_curve": [], "best_equity_curve": [], "phemex_close": [], "backtest_profit": [-84.38256777377993, 60808.90573217674, 60808.90573217674, 60808.90573217674, 60808.90573217674], "attention_weights": [0, 0, 0, 0, 0]}
2025-06-06T15:24:58.160981 {"training_loss": [NaN, NaN, NaN, NaN, NaN, NaN], "validation_loss": [NaN, NaN, NaN, NaN, NaN, NaN], "equity_curve": [], "best_equity_curve": [], "phemex_close": [], "backtest_profit": [-84.38256777377993, 60808.90573217674, 60808.90573217674, 60808.90573217674, 60808.90573217674, 60808.90573217674, 60808.90573217674], "attention_weights": [0, 0, 0, 0, 0, 0]}
2025-06-06T15:29:59.874586 {"training_loss": [NaN, NaN, NaN, NaN, NaN, NaN, NaN, NaN], "validation_loss": [NaN, NaN, NaN, NaN, NaN, NaN, NaN, NaN], "equity_curve": [], "best_equity_curve": [], "phemex_close": [], "backtest_profit": [-84.38256777377993, 60808.90573217674, 60808.90573217674, 60808.90573217674, 60808.90573217674, 60808.90573217674, 60808.90573217674, 60808.90573217674, 60808.90573217674], "attention_weights": [0, 0, 0, 0, 0, 0, 0, 0]}
